Log file open, 09/25/21 00:07:34
LogWindows: Failed to load 'aqProf.dll' (GetLastError=126)
LogWindows: File 'aqProf.dll' does not exist
LogWindows: Failed to load 'VtuneApi.dll' (GetLastError=126)
LogWindows: File 'VtuneApi.dll' does not exist
LogWindows: Failed to load 'VtuneApi32e.dll' (GetLastError=126)
LogWindows: File 'VtuneApi32e.dll' does not exist
LogConsoleResponse: Display: Failed to find resolution value strings in scalability ini. Falling back to default.
LogConsoleResponse: Display: Failed to find resolution value strings in scalability ini. Falling back to default.
LogInit: Display: Running engine for game: Shooter
LogPlatformFile: Not using cached read wrapper
LogTaskGraph: Started task graph with 5 named threads and 35 total threads with 3 sets of task threads.
LogStats: Stats thread started at 1.320244
LogICUInternationalization: ICU TimeZone Detection - Raw Offset: +9:00, Platform Override: ''
LogInit: Display: Loading text-based GConfig....
LogPluginManager: Mounting plugin MeshPainting
LogPluginManager: Mounting plugin XGEController
LogPluginManager: Mounting plugin Paper2D
LogPluginManager: Mounting plugin LiveLink
LogPluginManager: Mounting plugin EnvironmentQueryEditor
LogPluginManager: Mounting plugin AISupport
LogPluginManager: Mounting plugin LightPropagationVolume
LogPluginManager: Mounting plugin NullSourceCodeAccess
LogPluginManager: Mounting plugin CodeLiteSourceCodeAccess
LogPluginManager: Mounting plugin CLionSourceCodeAccess
LogPluginManager: Mounting plugin PlasticSourceControl
LogPluginManager: Mounting plugin PerforceSourceControl
LogPluginManager: Mounting plugin PixWinPlugin
LogPluginManager: Mounting plugin KDevelopSourceCodeAccess
LogPluginManager: Mounting plugin GitSourceControl
LogPluginManager: Mounting plugin PropertyAccessNode
LogPluginManager: Mounting plugin PluginUtils
LogPluginManager: Mounting plugin AnimationSharing
LogPluginManager: Mounting plugin RiderSourceCodeAccess
LogPluginManager: Mounting plugin SubversionSourceControl
LogPluginManager: Mounting plugin VisualStudioSourceCodeAccess
LogPluginManager: Mounting plugin UObjectPlugin
LogPluginManager: Mounting plugin TextureFormatOodle
LogPluginManager: Mounting plugin XCodeSourceCodeAccess
LogPluginManager: Mounting plugin VisualStudioCodeSourceCodeAccess
LogPluginManager: Mounting plugin DatasmithContent
LogPluginManager: Mounting plugin AlembicImporter
LogPluginManager: Mounting plugin AutomationUtils
LogPluginManager: Mounting plugin BackChannel
LogPluginManager: Mounting plugin VariantManagerContent
LogPluginManager: Mounting plugin ChaosClothEditor
LogPluginManager: Mounting plugin ChaosCloth
LogPluginManager: Mounting plugin ChaosEditor
LogPluginManager: Mounting plugin ChaosSolverPlugin
LogPluginManager: Mounting plugin ChaosNiagara
LogPluginManager: Mounting plugin CharacterAI
LogPluginManager: Mounting plugin GeometryCache
LogPluginManager: Mounting plugin Niagara
LogPluginManager: Mounting plugin GeometryProcessing
LogPluginManager: Mounting plugin GeometryCollectionPlugin
LogPluginManager: Mounting plugin MotoSynth
LogPluginManager: Mounting plugin OpenImageDenoise
LogPluginManager: Mounting plugin PlatformCrypto
LogPluginManager: Mounting plugin ProxyLODPlugin
LogPluginManager: Mounting plugin PythonScriptPlugin
LogPluginManager: Mounting plugin PlanarCut
LogPluginManager: Mounting plugin SkeletalReduction
LogPluginManager: Mounting plugin LuminPlatformFeatures
LogPluginManager: Mounting plugin MagicLeap
LogPluginManager: Mounting plugin MagicLeapMedia
LogPluginManager: Mounting plugin MagicLeapLightEstimation
LogPluginManager: Mounting plugin MagicLeapPassableWorld
LogPluginManager: Mounting plugin MLSDK
LogPluginManager: Mounting plugin AndroidMedia
LogPluginManager: Mounting plugin AvfMedia
LogPluginManager: Mounting plugin ImgMedia
LogPluginManager: Mounting plugin MediaCompositing
LogPluginManager: Mounting plugin MediaPlayerEditor
LogPluginManager: Mounting plugin WebMMedia
LogPluginManager: Mounting plugin WmfMedia
LogPluginManager: Mounting plugin TcpMessaging
LogPluginManager: Mounting plugin UdpMessaging
LogPluginManager: Mounting plugin OnlineSubsystem
LogPluginManager: Mounting plugin OnlineSubsystemNull
LogPluginManager: Mounting plugin OnlineSubsystemUtils
LogPluginManager: Mounting plugin ActorSequence
LogPluginManager: Mounting plugin LevelSequenceEditor
LogPluginManager: Mounting plugin MatineeToLevelSequence
LogPluginManager: Mounting plugin TemplateSequence
LogPluginManager: Mounting plugin ActorLayerUtilities
LogPluginManager: Mounting plugin AndroidDeviceProfileSelector
LogPluginManager: Mounting plugin AndroidPermission
LogPluginManager: Mounting plugin AppleImageUtils
LogPluginManager: Mounting plugin AndroidMoviePlayer
LogPluginManager: Mounting plugin AppleMoviePlayer
LogPluginManager: Mounting plugin AssetTags
LogPluginManager: Mounting plugin AudioCapture
LogPluginManager: Mounting plugin AudioSynesthesia
LogPluginManager: Mounting plugin CableComponent
LogPluginManager: Mounting plugin ChunkDownloader
LogPluginManager: Mounting plugin CustomMeshComponent
LogPluginManager: Mounting plugin GooglePAD
LogPluginManager: Mounting plugin ArchVisCharacter
LogPluginManager: Mounting plugin EditableMesh
LogPluginManager: Mounting plugin ExampleDeviceProfileSelector
LogPluginManager: Mounting plugin GoogleCloudMessaging
LogPluginManager: Mounting plugin IOSDeviceProfileSelector
LogPluginManager: Mounting plugin LocationServicesBPLibrary
LogPluginManager: Mounting plugin LinuxDeviceProfileSelector
LogPluginManager: Mounting plugin MobilePatchingUtils
LogPluginManager: Mounting plugin OpenXR
LogPluginManager: Mounting plugin OpenXRHandTracking
LogPluginManager: Mounting plugin OpenXREyeTracker
LogPluginManager: Mounting plugin ProceduralMeshComponent
LogPluginManager: Mounting plugin PropertyAccessEditor
LogPluginManager: Mounting plugin PostSplashScreen
LogPluginManager: Mounting plugin PhysXVehicles
LogPluginManager: Mounting plugin SignificanceManager
LogPluginManager: Mounting plugin SoundFields
LogPluginManager: Mounting plugin RuntimePhysXCooking
LogPluginManager: Mounting plugin WindowsMoviePlayer
LogPluginManager: Mounting plugin Synthesis
LogPluginManager: Mounting plugin LauncherChunkInstaller
LogPluginManager: Mounting plugin ScreenshotTools
LogPluginManager: Mounting plugin WebMMoviePlayer
LogPluginManager: Mounting plugin AssetManagerEditor
LogPluginManager: Mounting plugin CameraShakePreviewer
LogPluginManager: Mounting plugin GameplayCameras
LogPluginManager: Mounting plugin Takes
LogPluginManager: Mounting plugin CryptoKeys
LogPluginManager: Mounting plugin CurveEditorTools
LogPluginManager: Mounting plugin DataValidation
LogPluginManager: Mounting plugin GameplayTagsEditor
LogPluginManager: Mounting plugin FacialAnimation
LogPluginManager: Mounting plugin MacGraphicsSwitching
LogPluginManager: Mounting plugin GeometryMode
LogPluginManager: Mounting plugin PluginBrowser
LogPluginManager: Mounting plugin MobileLauncherProfileWizard
LogPluginManager: Mounting plugin MaterialAnalyzer
LogPluginManager: Mounting plugin SpeedTreeImporter
LogPluginManager: Mounting plugin OodleNetwork
LogPluginManager: Mounting plugin OodleData
LogPluginManager: Mounting plugin OnlineSubsystemGooglePlay
LogPluginManager: Mounting plugin OnlineSubsystemIOS
LogPluginManager: Mounting plugin OculusVR
LogPluginManager: Mounting plugin SteamVR
LogPluginManager: Mounting plugin ContentBrowserAssetDataSource
LogPluginManager: Mounting plugin ContentBrowserClassDataSource
LogPluginManager: Mounting plugin ContentBrowserFileDataSource
LogInit: Warning: Incompatible or missing module: Shooter
Running d:/Program Files/Epic Games/UE_4.27/Engine/Binaries/DotNET/UnrealBuildTool.exe Development Win64 -Project="d:/github/Shooter/Shooter.uproject" -TargetType=Editor -Progress -NoEngineChanges -NoHotReloadFromIDE
Using 'git status' to determine working set for adaptive non-unity build (D:\github\Shooter).
Creating makefile for ShooterEditor (no existing makefile)
@progress push 5%
Parsing headers for ShooterEditor
  Running UnrealHeaderTool "D:\github\Shooter\Shooter.uproject" "D:\github\Shooter\Intermediate\Build\Win64\ShooterEditor\Development\ShooterEditor.uhtmanifest" -LogCmds="loginit warning, logexit warning, logdatabase error" -Unattended -WarningsAsErrors -abslog="C:\Users\zidan\AppData\Local\UnrealBuildTool\Log_UHT.txt" -installed
LogInit: Display: Loading text-based GConfig....
Reflection code generated for ShooterEditor in 4.3407414 seconds
@progress pop
Building ShooterEditor...
Using Visual Studio 2019 14.22.27905 toolchain (C:\Program Files (x86)\Microsoft Visual Studio\2019\Community\VC\Tools\MSVC\14.22.27905) and Windows 10.0.18362.0 SDK (C:\Program Files (x86)\Windows Kits\10).
Building 11 actions with 12 processes...
  @progress 'Compiling C++ source code...' 0%
  @progress 'Compiling C++ source code...' 9%
  [1/11] Default.rc2
  @progress 'Compiling C++ source code...' 18%
  [2/11] SharedPCH.Engine.ShadowErrors.cpp
  @progress 'Compiling C++ source code...' 27%
  [3/11] Shooter.cpp
  @progress 'Compiling C++ source code...' 36%
  [4/11] Shooter.init.gen.cpp
  @progress 'Compiling C++ source code...' 45%
  [5/11] ShooterGameModeBase.cpp
  @progress 'Compiling C++ source code...' 55%
  [6/11] ShooterGameModeBase.gen.cpp
  @progress 'Compiling C++ source code...' 64%
  [7/11] ShooterCharacter.cpp
  @progress 'Compiling C++ source code...' 73%
  [8/11] ShooterCharacter.gen.cpp
  @progress 'Compiling C++ source code...' 82%
  [9/11] UE4Editor-Shooter.lib
     D:\github\Shooter\Intermediate\Build\Win64\UE4Editor\Development\Shooter\UE4Editor-Shooter.lib ???̺귯?? ?? D:\github\Shooter\Intermediate\Build\Win64\UE4Editor\Development\Shooter\UE4Editor-Shooter.exp ??ü?? ?????ϰ? ?ֽ??ϴ?.
  @progress 'Compiling C++ source code...' 91%
  [10/11] UE4Editor-Shooter.dll
     D:\github\Shooter\Intermediate\Build\Win64\UE4Editor\Development\Shooter\UE4Editor-Shooter.suppressed.lib ???̺귯?? ?? D:\github\Shooter\Intermediate\Build\Win64\UE4Editor\Development\Shooter\UE4Editor-Shooter.suppressed.exp ??ü?? ?????ϰ? ?ֽ??ϴ?.
  @progress 'Compiling C++ source code...' 100%
  [11/11] ShooterEditor.target
Total time in Parallel executor: 35.90 seconds
Total execution time: 46.00 seconds
PixWinPlugin: PIX capture plugin failed to initialize! Check that the process is launched from PIX.
LogInit: Using libcurl 7.55.1-DEV
LogInit:  - built for x86_64-pc-win32
LogInit:  - supports SSL with OpenSSL/1.1.1
LogInit:  - supports HTTP deflate (compression) using libz 1.2.8
LogInit:  - other features:
LogInit:      CURL_VERSION_SSL
LogInit:      CURL_VERSION_LIBZ
LogInit:      CURL_VERSION_IPV6
LogInit:      CURL_VERSION_ASYNCHDNS
LogInit:      CURL_VERSION_LARGEFILE
LogInit:      CURL_VERSION_IDN
LogInit:  CurlRequestOptions (configurable via config and command line):
LogInit:  - bVerifyPeer = true  - Libcurl will verify peer certificate
LogInit:  - bUseHttpProxy = false  - Libcurl will NOT use HTTP proxy
LogInit:  - bDontReuseConnections = false  - Libcurl will reuse connections
LogInit:  - MaxHostConnections = 16  - Libcurl will limit the number of connections to a host
LogInit:  - LocalHostAddr = Default
LogInit:  - BufferSize = 65536
LogOnline: OSS: Creating online subsystem instance for: NULL
LogInit: WinSock: version 1.1 (2.2), MaxSocks=32767, MaxUdp=65467
LogOnline: OSS: TryLoadSubsystemAndSetDefault: Loaded subsystem for module [NULL]
LogOculusPluginWrapper: OculusPlugin initialized successfully
LogHMD: Failed initializing OVRPlugin 1.59.0
LogInit: Build: ++UE4+Release-4.27-CL-17155196
LogInit: Engine Version: 4.27.0-17155196+++UE4+Release-4.27
LogInit: Compatible Engine Version: 4.27.0-17155196+++UE4+Release-4.27
LogInit: Net CL: 17155196
LogInit: OS: Windows 10 (Release 2009) (), CPU: Intel(R) Core(TM) i7-8700 CPU @ 3.20GHz, GPU: NVIDIA GeForce GTX 970
LogInit: Compiled (64-bit): Aug 13 2021 06:13:13
LogInit: Compiled with Visual C++: 19.24.28315.00
LogInit: Build Configuration: Development
LogInit: Branch Name: ++UE4+Release-4.27
LogInit: Command Line: 
LogInit: Base Directory: d:/Program Files/Epic Games/UE_4.27/Engine/Binaries/Win64/
LogInit: Allocator: TBB
LogInit: Installed Engine Build: 1
LogDevObjectVersion: Number of dev versions registered: 29
LogDevObjectVersion:   Dev-Blueprints (B0D832E4-1F89-4F0D-ACCF-7EB736FD4AA2): 10
LogDevObjectVersion:   Dev-Build (E1C64328-A22C-4D53-A36C-8E866417BD8C): 0
LogDevObjectVersion:   Dev-Core (375EC13C-06E4-48FB-B500-84F0262A717E): 4
LogDevObjectVersion:   Dev-Editor (E4B068ED-F494-42E9-A231-DA0B2E46BB41): 40
LogDevObjectVersion:   Dev-Framework (CFFC743F-43B0-4480-9391-14DF171D2073): 37
LogDevObjectVersion:   Dev-Mobile (B02B49B5-BB20-44E9-A304-32B752E40360): 3
LogDevObjectVersion:   Dev-Networking (A4E4105C-59A1-49B5-A7C5-40C4547EDFEE): 0
LogDevObjectVersion:   Dev-Online (39C831C9-5AE6-47DC-9A44-9C173E1C8E7C): 0
LogDevObjectVersion:   Dev-Physics (78F01B33-EBEA-4F98-B9B4-84EACCB95AA2): 14
LogDevObjectVersion:   Dev-Platform (6631380F-2D4D-43E0-8009-CF276956A95A): 0
LogDevObjectVersion:   Dev-Rendering (12F88B9F-8875-4AFC-A67C-D90C383ABD29): 45
LogDevObjectVersion:   Dev-Sequencer (7B5AE74C-D270-4C10-A958-57980B212A5A): 13
LogDevObjectVersion:   Dev-VR (D7296918-1DD6-4BDD-9DE2-64A83CC13884): 3
LogDevObjectVersion:   Dev-LoadTimes (C2A15278-BFE7-4AFE-6C17-90FF531DF755): 1
LogDevObjectVersion:   Private-Geometry (6EACA3D4-40EC-4CC1-B786-8BED09428FC5): 3
LogDevObjectVersion:   Dev-AnimPhys (29E575DD-E0A3-4627-9D10-D276232CDCEA): 17
LogDevObjectVersion:   Dev-Anim (AF43A65D-7FD3-4947-9873-3E8ED9C1BB05): 15
LogDevObjectVersion:   Dev-ReflectionCapture (6B266CEC-1EC7-4B8F-A30B-E4D90942FC07): 1
LogDevObjectVersion:   Dev-Automation (0DF73D61-A23F-47EA-B727-89E90C41499A): 1
LogDevObjectVersion:   FortniteMain (601D1886-AC64-4F84-AA16-D3DE0DEAC7D6): 47
LogDevObjectVersion:   FortniteRelease (E7086368-6B23-4C58-8439-1B7016265E91): 1
LogDevObjectVersion:   Dev-Enterprise (9DFFBCD6-494F-0158-E221-12823C92A888): 10
LogDevObjectVersion:   Dev-Niagara (F2AED0AC-9AFE-416F-8664-AA7FFA26D6FC): 1
LogDevObjectVersion:   Dev-Destruction (174F1F0B-B4C6-45A5-B13F-2EE8D0FB917D): 10
LogDevObjectVersion:   Dev-Physics-Ext (35F94A83-E258-406C-A318-09F59610247C): 41
LogDevObjectVersion:   Dev-PhysicsMaterial-Chaos (B68FC16E-8B1B-42E2-B453-215C058844FE): 1
LogDevObjectVersion:   Dev-CineCamera (B2E18506-4273-CFC2-A54E-F4BB758BBA07): 1
LogDevObjectVersion:   Dev-VirtualProduction (64F58936-FD1B-42BA-BA96-7289D5D0FA4E): 1
LogDevObjectVersion:   Dev-MediaFramework (6F0ED827-A609-4895-9C91-998D90180EA4): 2
LogInit: Presizing for max 25165824 objects, including 0 objects not considered by GC, pre-allocating 0 bytes for permanent pool.
LogConfig: Applying CVar settings from Section [/Script/Engine.StreamingSettings] File [d:/github/Shooter/Saved/Config/Windows/Engine.ini]
LogConfig: Setting CVar [[s.MinBulkDataSizeForAsyncLoading:131072]]
LogConfig: Setting CVar [[s.AsyncLoadingThreadEnabled:0]]
LogConfig: Setting CVar [[s.EventDrivenLoaderEnabled:1]]
LogConfig: Setting CVar [[s.WarnIfTimeLimitExceeded:0]]
LogConfig: Setting CVar [[s.TimeLimitExceededMultiplier:1.5]]
LogConfig: Setting CVar [[s.TimeLimitExceededMinTime:0.005]]
LogConfig: Setting CVar [[s.UseBackgroundLevelStreaming:1]]
LogConfig: Setting CVar [[s.PriorityAsyncLoadingExtraTime:15.0]]
LogConfig: Setting CVar [[s.LevelStreamingActorsUpdateTimeLimit:5.0]]
LogConfig: Setting CVar [[s.PriorityLevelStreamingActorsUpdateExtraTime:5.0]]
LogConfig: Setting CVar [[s.LevelStreamingComponentsRegistrationGranularity:10]]
LogConfig: Setting CVar [[s.UnregisterComponentsTimeLimit:1.0]]
LogConfig: Setting CVar [[s.LevelStreamingComponentsUnregistrationGranularity:5]]
LogConfig: Setting CVar [[s.FlushStreamingOnExit:1]]
LogInit: Object subsystem initialized
LogConfig: Setting CVar [[con.DebugEarlyDefault:1]]
LogConfig: Setting CVar [[r.setres:1280x720]]
[2021.09.24-15.08.29:593][  0]LogConfig: Setting CVar [[r.VSync:0]]
[2021.09.24-15.08.29:593][  0]LogConfig: Setting CVar [[r.RHICmdBypass:0]]
[2021.09.24-15.08.29:594][  0]LogConfig: Applying CVar settings from Section [/Script/Engine.RendererSettings] File [d:/github/Shooter/Saved/Config/Windows/Engine.ini]
[2021.09.24-15.08.29:594][  0]LogConfig: Setting CVar [[r.GPUCrashDebugging:0]]
[2021.09.24-15.08.29:594][  0]LogConfig: Applying CVar settings from Section [/Script/Engine.RendererOverrideSettings] File [d:/github/Shooter/Saved/Config/Windows/Engine.ini]
[2021.09.24-15.08.29:594][  0]LogConfig: Applying CVar settings from Section [/Script/Engine.StreamingSettings] File [d:/github/Shooter/Saved/Config/Windows/Engine.ini]
[2021.09.24-15.08.29:594][  0]LogConfig: Setting CVar [[s.MinBulkDataSizeForAsyncLoading:131072]]
[2021.09.24-15.08.29:594][  0]LogConfig: Setting CVar [[s.AsyncLoadingThreadEnabled:0]]
[2021.09.24-15.08.29:594][  0]LogConfig: Setting CVar [[s.EventDrivenLoaderEnabled:1]]
[2021.09.24-15.08.29:594][  0]LogConfig: Setting CVar [[s.WarnIfTimeLimitExceeded:0]]
[2021.09.24-15.08.29:594][  0]LogConfig: Setting CVar [[s.TimeLimitExceededMultiplier:1.5]]
[2021.09.24-15.08.29:594][  0]LogConfig: Setting CVar [[s.TimeLimitExceededMinTime:0.005]]
[2021.09.24-15.08.29:594][  0]LogConfig: Setting CVar [[s.UseBackgroundLevelStreaming:1]]
[2021.09.24-15.08.29:594][  0]LogConfig: Setting CVar [[s.PriorityAsyncLoadingExtraTime:15.0]]
[2021.09.24-15.08.29:594][  0]LogConfig: Setting CVar [[s.LevelStreamingActorsUpdateTimeLimit:5.0]]
[2021.09.24-15.08.29:594][  0]LogConfig: Setting CVar [[s.PriorityLevelStreamingActorsUpdateExtraTime:5.0]]
[2021.09.24-15.08.29:594][  0]LogConfig: Setting CVar [[s.LevelStreamingComponentsRegistrationGranularity:10]]
[2021.09.24-15.08.29:594][  0]LogConfig: Setting CVar [[s.UnregisterComponentsTimeLimit:1.0]]
[2021.09.24-15.08.29:594][  0]LogConfig: Setting CVar [[s.LevelStreamingComponentsUnregistrationGranularity:5]]
[2021.09.24-15.08.29:594][  0]LogConfig: Setting CVar [[s.FlushStreamingOnExit:1]]
[2021.09.24-15.08.29:594][  0]LogConfig: Applying CVar settings from Section [/Script/Engine.GarbageCollectionSettings] File [d:/github/Shooter/Saved/Config/Windows/Engine.ini]
[2021.09.24-15.08.29:594][  0]LogConfig: Setting CVar [[gc.MaxObjectsNotConsideredByGC:1]]
[2021.09.24-15.08.29:594][  0]LogConfig: Setting CVar [[gc.SizeOfPermanentObjectPool:0]]
[2021.09.24-15.08.29:594][  0]LogConfig: Setting CVar [[gc.FlushStreamingOnGC:0]]
[2021.09.24-15.08.29:594][  0]LogConfig: Setting CVar [[gc.NumRetriesBeforeForcingGC:10]]
[2021.09.24-15.08.29:594][  0]LogConfig: Setting CVar [[gc.AllowParallelGC:1]]
[2021.09.24-15.08.29:594][  0]LogConfig: Setting CVar [[gc.TimeBetweenPurgingPendingKillObjects:61.1]]
[2021.09.24-15.08.29:594][  0]LogConfig: Setting CVar [[gc.MaxObjectsInEditor:25165824]]
[2021.09.24-15.08.29:594][  0]LogConfig: Setting CVar [[gc.IncrementalBeginDestroyEnabled:1]]
[2021.09.24-15.08.29:594][  0]LogConfig: Setting CVar [[gc.CreateGCClusters:1]]
[2021.09.24-15.08.29:594][  0]LogConfig: Setting CVar [[gc.MinGCClusterSize:5]]
[2021.09.24-15.08.29:594][  0]LogConfig: Setting CVar [[gc.ActorClusteringEnabled:0]]
[2021.09.24-15.08.29:594][  0]LogConfig: Setting CVar [[gc.BlueprintClusteringEnabled:0]]
[2021.09.24-15.08.29:594][  0]LogConfig: Setting CVar [[gc.UseDisregardForGCOnDedicatedServers:0]]
[2021.09.24-15.08.29:594][  0]LogConfig: Setting CVar [[gc.MultithreadedDestructionEnabled:1]]
[2021.09.24-15.08.29:594][  0]LogConfig: Applying CVar settings from Section [/Script/Engine.NetworkSettings] File [d:/github/Shooter/Saved/Config/Windows/Engine.ini]
[2021.09.24-15.08.29:594][  0]LogConfig: Applying CVar settings from Section [/Script/UnrealEd.CookerSettings] File [d:/github/Shooter/Saved/Config/Windows/Engine.ini]
[2021.09.24-15.08.29:656][  0]LogConfig: Applying CVar settings from Section [ViewDistanceQuality@3] File [d:/github/Shooter/Saved/Config/Windows/Scalability.ini]
[2021.09.24-15.08.29:656][  0]LogConfig: Setting CVar [[r.SkeletalMeshLODBias:0]]
[2021.09.24-15.08.29:656][  0]LogConfig: Setting CVar [[r.ViewDistanceScale:1.0]]
[2021.09.24-15.08.29:656][  0]LogConfig: Applying CVar settings from Section [AntiAliasingQuality@3] File [d:/github/Shooter/Saved/Config/Windows/Scalability.ini]
[2021.09.24-15.08.29:656][  0]LogConfig: Setting CVar [[r.PostProcessAAQuality:4]]
[2021.09.24-15.08.29:656][  0]LogConfig: Applying CVar settings from Section [ShadowQuality@3] File [d:/github/Shooter/Saved/Config/Windows/Scalability.ini]
[2021.09.24-15.08.29:656][  0]LogConfig: Setting CVar [[r.LightFunctionQuality:1]]
[2021.09.24-15.08.29:656][  0]LogConfig: Setting CVar [[r.ShadowQuality:5]]
[2021.09.24-15.08.29:656][  0]LogConfig: Setting CVar [[r.Shadow.CSM.MaxCascades:10]]
[2021.09.24-15.08.29:656][  0]LogConfig: Setting CVar [[r.Shadow.MaxResolution:2048]]
[2021.09.24-15.08.29:656][  0]LogConfig: Setting CVar [[r.Shadow.MaxCSMResolution:2048]]
[2021.09.24-15.08.29:656][  0]LogConfig: Setting CVar [[r.Shadow.RadiusThreshold:0.01]]
[2021.09.24-15.08.29:656][  0]LogConfig: Setting CVar [[r.Shadow.DistanceScale:1.0]]
[2021.09.24-15.08.29:656][  0]LogConfig: Setting CVar [[r.Shadow.CSM.TransitionScale:1.0]]
[2021.09.24-15.08.29:656][  0]LogConfig: Setting CVar [[r.Shadow.PreShadowResolutionFactor:1.0]]
[2021.09.24-15.08.29:656][  0]LogConfig: Setting CVar [[r.DistanceFieldShadowing:1]]
[2021.09.24-15.08.29:656][  0]LogConfig: Setting CVar [[r.DistanceFieldAO:1]]
[2021.09.24-15.08.29:656][  0]LogConfig: Setting CVar [[r.AOQuality:2]]
[2021.09.24-15.08.29:656][  0]LogConfig: Setting CVar [[r.VolumetricFog:1]]
[2021.09.24-15.08.29:656][  0]LogConfig: Setting CVar [[r.VolumetricFog.GridPixelSize:8]]
[2021.09.24-15.08.29:656][  0]LogConfig: Setting CVar [[r.VolumetricFog.GridSizeZ:128]]
[2021.09.24-15.08.29:656][  0]LogConfig: Setting CVar [[r.VolumetricFog.HistoryMissSupersampleCount:4]]
[2021.09.24-15.08.29:656][  0]LogConfig: Setting CVar [[r.LightMaxDrawDistanceScale:1]]
[2021.09.24-15.08.29:656][  0]LogConfig: Setting CVar [[r.CapsuleShadows:1]]
[2021.09.24-15.08.29:656][  0]LogConfig: Applying CVar settings from Section [PostProcessQuality@3] File [d:/github/Shooter/Saved/Config/Windows/Scalability.ini]
[2021.09.24-15.08.29:656][  0]LogConfig: Setting CVar [[r.MotionBlurQuality:4]]
[2021.09.24-15.08.29:656][  0]LogConfig: Setting CVar [[r.AmbientOcclusionMipLevelFactor:0.4]]
[2021.09.24-15.08.29:656][  0]LogConfig: Setting CVar [[r.AmbientOcclusionMaxQuality:100]]
[2021.09.24-15.08.29:656][  0]LogConfig: Setting CVar [[r.AmbientOcclusionLevels:-1]]
[2021.09.24-15.08.29:656][  0]LogConfig: Setting CVar [[r.AmbientOcclusionRadiusScale:1.0]]
[2021.09.24-15.08.29:656][  0]LogConfig: Setting CVar [[r.DepthOfFieldQuality:2]]
[2021.09.24-15.08.29:656][  0]LogConfig: Setting CVar [[r.RenderTargetPoolMin:400]]
[2021.09.24-15.08.29:656][  0]LogConfig: Setting CVar [[r.LensFlareQuality:2]]
[2021.09.24-15.08.29:656][  0]LogConfig: Setting CVar [[r.SceneColorFringeQuality:1]]
[2021.09.24-15.08.29:656][  0]LogConfig: Setting CVar [[r.EyeAdaptationQuality:2]]
[2021.09.24-15.08.29:656][  0]LogConfig: Setting CVar [[r.BloomQuality:5]]
[2021.09.24-15.08.29:656][  0]LogConfig: Setting CVar [[r.FastBlurThreshold:100]]
[2021.09.24-15.08.29:656][  0]LogConfig: Setting CVar [[r.Upscale.Quality:3]]
[2021.09.24-15.08.29:656][  0]LogConfig: Setting CVar [[r.Tonemapper.GrainQuantization:1]]
[2021.09.24-15.08.29:656][  0]LogConfig: Setting CVar [[r.LightShaftQuality:1]]
[2021.09.24-15.08.29:656][  0]LogConfig: Setting CVar [[r.Filter.SizeScale:1]]
[2021.09.24-15.08.29:656][  0]LogConfig: Setting CVar [[r.Tonemapper.Quality:5]]
[2021.09.24-15.08.29:656][  0]LogConfig: Setting CVar [[r.DOF.Gather.AccumulatorQuality:1        ; higher gathering accumulator quality]]
[2021.09.24-15.08.29:656][  0]LogConfig: Setting CVar [[r.DOF.Gather.PostfilterMethod:1          ; Median3x3 postfilering method]]
[2021.09.24-15.08.29:656][  0]LogConfig: Setting CVar [[r.DOF.Gather.EnableBokehSettings:0       ; no bokeh simulation when gathering]]
[2021.09.24-15.08.29:656][  0]LogConfig: Setting CVar [[r.DOF.Gather.RingCount:4                 ; medium number of samples when gathering]]
[2021.09.24-15.08.29:656][  0]LogConfig: Setting CVar [[r.DOF.Scatter.ForegroundCompositing:1    ; additive foreground scattering]]
[2021.09.24-15.08.29:656][  0]LogConfig: Setting CVar [[r.DOF.Scatter.BackgroundCompositing:2    ; additive background scattering]]
[2021.09.24-15.08.29:656][  0]LogConfig: Setting CVar [[r.DOF.Scatter.EnableBokehSettings:1      ; bokeh simulation when scattering]]
[2021.09.24-15.08.29:656][  0]LogConfig: Setting CVar [[r.DOF.Scatter.MaxSpriteRatio:0.1         ; only a maximum of 10% of scattered bokeh]]
[2021.09.24-15.08.29:656][  0]LogConfig: Setting CVar [[r.DOF.Recombine.Quality:1                ; cheap slight out of focus]]
[2021.09.24-15.08.29:656][  0]LogConfig: Setting CVar [[r.DOF.Recombine.EnableBokehSettings:0    ; no bokeh simulation on slight out of focus]]
[2021.09.24-15.08.29:656][  0]LogConfig: Setting CVar [[r.DOF.TemporalAAQuality:1                ; more stable temporal accumulation]]
[2021.09.24-15.08.29:656][  0]LogConfig: Setting CVar [[r.DOF.Kernel.MaxForegroundRadius:0.025]]
[2021.09.24-15.08.29:656][  0]LogConfig: Setting CVar [[r.DOF.Kernel.MaxBackgroundRadius:0.025]]
[2021.09.24-15.08.29:656][  0]LogConfig: Applying CVar settings from Section [TextureQuality@3] File [d:/github/Shooter/Saved/Config/Windows/Scalability.ini]
[2021.09.24-15.08.29:656][  0]LogConfig: Setting CVar [[r.Streaming.MipBias:0]]
[2021.09.24-15.08.29:656][  0]LogConfig: Setting CVar [[r.Streaming.AmortizeCPUToGPUCopy:0]]
[2021.09.24-15.08.29:656][  0]LogConfig: Setting CVar [[r.Streaming.MaxNumTexturesToStreamPerFrame:0]]
[2021.09.24-15.08.29:656][  0]LogConfig: Setting CVar [[r.Streaming.Boost:1]]
[2021.09.24-15.08.29:656][  0]LogConfig: Setting CVar [[r.MaxAnisotropy:8]]
[2021.09.24-15.08.29:656][  0]LogConfig: Setting CVar [[r.VT.MaxAnisotropy:8]]
[2021.09.24-15.08.29:656][  0]LogConfig: Setting CVar [[r.Streaming.LimitPoolSizeToVRAM:0]]
[2021.09.24-15.08.29:656][  0]LogConfig: Setting CVar [[r.Streaming.PoolSize:1000]]
[2021.09.24-15.08.29:656][  0]LogConfig: Setting CVar [[r.Streaming.MaxEffectiveScreenSize:0]]
[2021.09.24-15.08.29:656][  0]LogConfig: Applying CVar settings from Section [EffectsQuality@3] File [d:/github/Shooter/Saved/Config/Windows/Scalability.ini]
[2021.09.24-15.08.29:656][  0]LogConfig: Setting CVar [[r.TranslucencyLightingVolumeDim:64]]
[2021.09.24-15.08.29:656][  0]LogConfig: Setting CVar [[r.RefractionQuality:2]]
[2021.09.24-15.08.29:656][  0]LogConfig: Setting CVar [[r.SSR.Quality:3]]
[2021.09.24-15.08.29:656][  0]LogConfig: Setting CVar [[r.SSR.HalfResSceneColor:0]]
[2021.09.24-15.08.29:656][  0]LogConfig: Setting CVar [[r.SceneColorFormat:4]]
[2021.09.24-15.08.29:656][  0]LogConfig: Setting CVar [[r.DetailMode:2]]
[2021.09.24-15.08.29:656][  0]LogConfig: Setting CVar [[r.TranslucencyVolumeBlur:1]]
[2021.09.24-15.08.29:656][  0]LogConfig: Setting CVar [[r.MaterialQualityLevel:1 ; High quality]]
[2021.09.24-15.08.29:656][  0]LogConfig: Setting CVar [[r.AnisotropicMaterials:1]]
[2021.09.24-15.08.29:656][  0]LogConfig: Setting CVar [[r.SSS.Scale:1]]
[2021.09.24-15.08.29:656][  0]LogConfig: Setting CVar [[r.SSS.SampleSet:2]]
[2021.09.24-15.08.29:656][  0]LogConfig: Setting CVar [[r.SSS.Quality:1]]
[2021.09.24-15.08.29:656][  0]LogConfig: Setting CVar [[r.SSS.HalfRes:0]]
[2021.09.24-15.08.29:656][  0]LogConfig: Setting CVar [[r.SSGI.Quality:3]]
[2021.09.24-15.08.29:656][  0]LogConfig: Setting CVar [[r.EmitterSpawnRateScale:1.0]]
[2021.09.24-15.08.29:656][  0]LogConfig: Setting CVar [[r.ParticleLightQuality:2]]
[2021.09.24-15.08.29:656][  0]LogConfig: Setting CVar [[r.SkyAtmosphere.AerialPerspectiveLUT.FastApplyOnOpaque:1 ; Always have FastSkyLUT 1 in this case to avoid wrong sky]]
[2021.09.24-15.08.29:656][  0]LogConfig: Setting CVar [[r.SkyAtmosphere.AerialPerspectiveLUT.SampleCountMaxPerSlice:4]]
[2021.09.24-15.08.29:656][  0]LogConfig: Setting CVar [[r.SkyAtmosphere.AerialPerspectiveLUT.DepthResolution:16.0]]
[2021.09.24-15.08.29:656][  0]LogConfig: Setting CVar [[r.SkyAtmosphere.FastSkyLUT:1]]
[2021.09.24-15.08.29:656][  0]LogConfig: Setting CVar [[r.SkyAtmosphere.FastSkyLUT.SampleCountMin:4.0]]
[2021.09.24-15.08.29:657][  0]LogConfig: Setting CVar [[r.SkyAtmosphere.FastSkyLUT.SampleCountMax:128.0]]
[2021.09.24-15.08.29:657][  0]LogConfig: Setting CVar [[r.SkyAtmosphere.SampleCountMin:4.0]]
[2021.09.24-15.08.29:657][  0]LogConfig: Setting CVar [[r.SkyAtmosphere.SampleCountMax:128.0]]
[2021.09.24-15.08.29:657][  0]LogConfig: Setting CVar [[r.SkyAtmosphere.TransmittanceLUT.UseSmallFormat:0]]
[2021.09.24-15.08.29:657][  0]LogConfig: Setting CVar [[r.SkyAtmosphere.TransmittanceLUT.SampleCount:10.0]]
[2021.09.24-15.08.29:657][  0]LogConfig: Setting CVar [[r.SkyAtmosphere.MultiScatteringLUT.SampleCount:15.0]]
[2021.09.24-15.08.29:657][  0]LogConfig: Setting CVar [[r.SkyLight.RealTimeReflectionCapture:1]]
[2021.09.24-15.08.29:657][  0]LogConfig: Applying CVar settings from Section [FoliageQuality@3] File [d:/github/Shooter/Saved/Config/Windows/Scalability.ini]
[2021.09.24-15.08.29:657][  0]LogConfig: Setting CVar [[foliage.DensityScale:1.0]]
[2021.09.24-15.08.29:657][  0]LogConfig: Setting CVar [[grass.DensityScale:1.0]]
[2021.09.24-15.08.29:657][  0]LogConfig: Applying CVar settings from Section [ShadingQuality@3] File [d:/github/Shooter/Saved/Config/Windows/Scalability.ini]
[2021.09.24-15.08.29:657][  0]LogConfig: Setting CVar [[r.HairStrands.SkyLighting.IntegrationType:2]]
[2021.09.24-15.08.29:657][  0]LogConfig: Setting CVar [[r.HairStrands.SkyAO.SampleCount:4]]
[2021.09.24-15.08.29:657][  0]LogConfig: Setting CVar [[r.HairStrands.Visibility.MSAA.SamplePerPixel:4]]
[2021.09.24-15.08.29:658][  0]LogInit: Selected Device Profile: [Windows]
[2021.09.24-15.08.29:659][  0]LogInit: Applying CVar settings loaded from the selected device profile: [Windows]
[2021.09.24-15.08.29:659][  0]LogHAL: Display: Platform has ~ 16 GB [17089458176 / 17179869184 / 16], which maps to Larger [LargestMinGB=32, LargerMinGB=12, DefaultMinGB=8, SmallerMinGB=6, SmallestMinGB=0)
[2021.09.24-15.08.29:660][  0]LogInit: Going up to parent DeviceProfile []
[2021.09.24-15.08.29:661][  0]LogConfig: Applying CVar settings from Section [ViewDistanceQuality@3] File [d:/github/Shooter/Saved/Config/Windows/Scalability.ini]
[2021.09.24-15.08.29:661][  0]LogConfig: Setting CVar [[r.SkeletalMeshLODBias:0]]
[2021.09.24-15.08.29:661][  0]LogConfig: Setting CVar [[r.ViewDistanceScale:1.0]]
[2021.09.24-15.08.29:661][  0]LogConfig: Applying CVar settings from Section [AntiAliasingQuality@3] File [d:/github/Shooter/Saved/Config/Windows/Scalability.ini]
[2021.09.24-15.08.29:661][  0]LogConfig: Setting CVar [[r.PostProcessAAQuality:4]]
[2021.09.24-15.08.29:661][  0]LogConfig: Applying CVar settings from Section [ShadowQuality@3] File [d:/github/Shooter/Saved/Config/Windows/Scalability.ini]
[2021.09.24-15.08.29:661][  0]LogConfig: Setting CVar [[r.LightFunctionQuality:1]]
[2021.09.24-15.08.29:661][  0]LogConfig: Setting CVar [[r.ShadowQuality:5]]
[2021.09.24-15.08.29:661][  0]LogConfig: Setting CVar [[r.Shadow.CSM.MaxCascades:10]]
[2021.09.24-15.08.29:661][  0]LogConfig: Setting CVar [[r.Shadow.MaxResolution:2048]]
[2021.09.24-15.08.29:661][  0]LogConfig: Setting CVar [[r.Shadow.MaxCSMResolution:2048]]
[2021.09.24-15.08.29:661][  0]LogConfig: Setting CVar [[r.Shadow.RadiusThreshold:0.01]]
[2021.09.24-15.08.29:661][  0]LogConfig: Setting CVar [[r.Shadow.DistanceScale:1.0]]
[2021.09.24-15.08.29:661][  0]LogConfig: Setting CVar [[r.Shadow.CSM.TransitionScale:1.0]]
[2021.09.24-15.08.29:661][  0]LogConfig: Setting CVar [[r.Shadow.PreShadowResolutionFactor:1.0]]
[2021.09.24-15.08.29:661][  0]LogConfig: Setting CVar [[r.DistanceFieldShadowing:1]]
[2021.09.24-15.08.29:661][  0]LogConfig: Setting CVar [[r.DistanceFieldAO:1]]
[2021.09.24-15.08.29:661][  0]LogConfig: Setting CVar [[r.AOQuality:2]]
[2021.09.24-15.08.29:661][  0]LogConfig: Setting CVar [[r.VolumetricFog:1]]
[2021.09.24-15.08.29:661][  0]LogConfig: Setting CVar [[r.VolumetricFog.GridPixelSize:8]]
[2021.09.24-15.08.29:661][  0]LogConfig: Setting CVar [[r.VolumetricFog.GridSizeZ:128]]
[2021.09.24-15.08.29:661][  0]LogConfig: Setting CVar [[r.VolumetricFog.HistoryMissSupersampleCount:4]]
[2021.09.24-15.08.29:661][  0]LogConfig: Setting CVar [[r.LightMaxDrawDistanceScale:1]]
[2021.09.24-15.08.29:661][  0]LogConfig: Setting CVar [[r.CapsuleShadows:1]]
[2021.09.24-15.08.29:661][  0]LogConfig: Applying CVar settings from Section [PostProcessQuality@3] File [d:/github/Shooter/Saved/Config/Windows/Scalability.ini]
[2021.09.24-15.08.29:661][  0]LogConfig: Setting CVar [[r.MotionBlurQuality:4]]
[2021.09.24-15.08.29:661][  0]LogConfig: Setting CVar [[r.AmbientOcclusionMipLevelFactor:0.4]]
[2021.09.24-15.08.29:661][  0]LogConfig: Setting CVar [[r.AmbientOcclusionMaxQuality:100]]
[2021.09.24-15.08.29:661][  0]LogConfig: Setting CVar [[r.AmbientOcclusionLevels:-1]]
[2021.09.24-15.08.29:661][  0]LogConfig: Setting CVar [[r.AmbientOcclusionRadiusScale:1.0]]
[2021.09.24-15.08.29:661][  0]LogConfig: Setting CVar [[r.DepthOfFieldQuality:2]]
[2021.09.24-15.08.29:661][  0]LogConfig: Setting CVar [[r.RenderTargetPoolMin:400]]
[2021.09.24-15.08.29:661][  0]LogConfig: Setting CVar [[r.LensFlareQuality:2]]
[2021.09.24-15.08.29:661][  0]LogConfig: Setting CVar [[r.SceneColorFringeQuality:1]]
[2021.09.24-15.08.29:661][  0]LogConfig: Setting CVar [[r.EyeAdaptationQuality:2]]
[2021.09.24-15.08.29:661][  0]LogConfig: Setting CVar [[r.BloomQuality:5]]
[2021.09.24-15.08.29:661][  0]LogConfig: Setting CVar [[r.FastBlurThreshold:100]]
[2021.09.24-15.08.29:661][  0]LogConfig: Setting CVar [[r.Upscale.Quality:3]]
[2021.09.24-15.08.29:661][  0]LogConfig: Setting CVar [[r.Tonemapper.GrainQuantization:1]]
[2021.09.24-15.08.29:661][  0]LogConfig: Setting CVar [[r.LightShaftQuality:1]]
[2021.09.24-15.08.29:661][  0]LogConfig: Setting CVar [[r.Filter.SizeScale:1]]
[2021.09.24-15.08.29:661][  0]LogConfig: Setting CVar [[r.Tonemapper.Quality:5]]
[2021.09.24-15.08.29:661][  0]LogConfig: Setting CVar [[r.DOF.Gather.AccumulatorQuality:1        ; higher gathering accumulator quality]]
[2021.09.24-15.08.29:661][  0]LogConfig: Setting CVar [[r.DOF.Gather.PostfilterMethod:1          ; Median3x3 postfilering method]]
[2021.09.24-15.08.29:661][  0]LogConfig: Setting CVar [[r.DOF.Gather.EnableBokehSettings:0       ; no bokeh simulation when gathering]]
[2021.09.24-15.08.29:661][  0]LogConfig: Setting CVar [[r.DOF.Gather.RingCount:4                 ; medium number of samples when gathering]]
[2021.09.24-15.08.29:661][  0]LogConfig: Setting CVar [[r.DOF.Scatter.ForegroundCompositing:1    ; additive foreground scattering]]
[2021.09.24-15.08.29:661][  0]LogConfig: Setting CVar [[r.DOF.Scatter.BackgroundCompositing:2    ; additive background scattering]]
[2021.09.24-15.08.29:661][  0]LogConfig: Setting CVar [[r.DOF.Scatter.EnableBokehSettings:1      ; bokeh simulation when scattering]]
[2021.09.24-15.08.29:661][  0]LogConfig: Setting CVar [[r.DOF.Scatter.MaxSpriteRatio:0.1         ; only a maximum of 10% of scattered bokeh]]
[2021.09.24-15.08.29:661][  0]LogConfig: Setting CVar [[r.DOF.Recombine.Quality:1                ; cheap slight out of focus]]
[2021.09.24-15.08.29:661][  0]LogConfig: Setting CVar [[r.DOF.Recombine.EnableBokehSettings:0    ; no bokeh simulation on slight out of focus]]
[2021.09.24-15.08.29:661][  0]LogConfig: Setting CVar [[r.DOF.TemporalAAQuality:1                ; more stable temporal accumulation]]
[2021.09.24-15.08.29:661][  0]LogConfig: Setting CVar [[r.DOF.Kernel.MaxForegroundRadius:0.025]]
[2021.09.24-15.08.29:661][  0]LogConfig: Setting CVar [[r.DOF.Kernel.MaxBackgroundRadius:0.025]]
[2021.09.24-15.08.29:661][  0]LogConfig: Applying CVar settings from Section [TextureQuality@3] File [d:/github/Shooter/Saved/Config/Windows/Scalability.ini]
[2021.09.24-15.08.29:661][  0]LogConfig: Setting CVar [[r.Streaming.MipBias:0]]
[2021.09.24-15.08.29:661][  0]LogConfig: Setting CVar [[r.Streaming.AmortizeCPUToGPUCopy:0]]
[2021.09.24-15.08.29:661][  0]LogConfig: Setting CVar [[r.Streaming.MaxNumTexturesToStreamPerFrame:0]]
[2021.09.24-15.08.29:661][  0]LogConfig: Setting CVar [[r.Streaming.Boost:1]]
[2021.09.24-15.08.29:661][  0]LogConfig: Setting CVar [[r.MaxAnisotropy:8]]
[2021.09.24-15.08.29:661][  0]LogConfig: Setting CVar [[r.VT.MaxAnisotropy:8]]
[2021.09.24-15.08.29:661][  0]LogConfig: Setting CVar [[r.Streaming.LimitPoolSizeToVRAM:0]]
[2021.09.24-15.08.29:661][  0]LogConfig: Setting CVar [[r.Streaming.PoolSize:1000]]
[2021.09.24-15.08.29:661][  0]LogConfig: Setting CVar [[r.Streaming.MaxEffectiveScreenSize:0]]
[2021.09.24-15.08.29:661][  0]LogConfig: Applying CVar settings from Section [EffectsQuality@3] File [d:/github/Shooter/Saved/Config/Windows/Scalability.ini]
[2021.09.24-15.08.29:661][  0]LogConfig: Setting CVar [[r.TranslucencyLightingVolumeDim:64]]
[2021.09.24-15.08.29:661][  0]LogConfig: Setting CVar [[r.RefractionQuality:2]]
[2021.09.24-15.08.29:661][  0]LogConfig: Setting CVar [[r.SSR.Quality:3]]
[2021.09.24-15.08.29:661][  0]LogConfig: Setting CVar [[r.SSR.HalfResSceneColor:0]]
[2021.09.24-15.08.29:661][  0]LogConfig: Setting CVar [[r.SceneColorFormat:4]]
[2021.09.24-15.08.29:661][  0]LogConfig: Setting CVar [[r.DetailMode:2]]
[2021.09.24-15.08.29:661][  0]LogConfig: Setting CVar [[r.TranslucencyVolumeBlur:1]]
[2021.09.24-15.08.29:661][  0]LogConfig: Setting CVar [[r.MaterialQualityLevel:1 ; High quality]]
[2021.09.24-15.08.29:661][  0]LogConfig: Setting CVar [[r.AnisotropicMaterials:1]]
[2021.09.24-15.08.29:661][  0]LogConfig: Setting CVar [[r.SSS.Scale:1]]
[2021.09.24-15.08.29:661][  0]LogConfig: Setting CVar [[r.SSS.SampleSet:2]]
[2021.09.24-15.08.29:661][  0]LogConfig: Setting CVar [[r.SSS.Quality:1]]
[2021.09.24-15.08.29:661][  0]LogConfig: Setting CVar [[r.SSS.HalfRes:0]]
[2021.09.24-15.08.29:661][  0]LogConfig: Setting CVar [[r.SSGI.Quality:3]]
[2021.09.24-15.08.29:662][  0]LogConfig: Setting CVar [[r.EmitterSpawnRateScale:1.0]]
[2021.09.24-15.08.29:662][  0]LogConfig: Setting CVar [[r.ParticleLightQuality:2]]
[2021.09.24-15.08.29:662][  0]LogConfig: Setting CVar [[r.SkyAtmosphere.AerialPerspectiveLUT.FastApplyOnOpaque:1 ; Always have FastSkyLUT 1 in this case to avoid wrong sky]]
[2021.09.24-15.08.29:662][  0]LogConfig: Setting CVar [[r.SkyAtmosphere.AerialPerspectiveLUT.SampleCountMaxPerSlice:4]]
[2021.09.24-15.08.29:662][  0]LogConfig: Setting CVar [[r.SkyAtmosphere.AerialPerspectiveLUT.DepthResolution:16.0]]
[2021.09.24-15.08.29:662][  0]LogConfig: Setting CVar [[r.SkyAtmosphere.FastSkyLUT:1]]
[2021.09.24-15.08.29:662][  0]LogConfig: Setting CVar [[r.SkyAtmosphere.FastSkyLUT.SampleCountMin:4.0]]
[2021.09.24-15.08.29:662][  0]LogConfig: Setting CVar [[r.SkyAtmosphere.FastSkyLUT.SampleCountMax:128.0]]
[2021.09.24-15.08.29:662][  0]LogConfig: Setting CVar [[r.SkyAtmosphere.SampleCountMin:4.0]]
[2021.09.24-15.08.29:662][  0]LogConfig: Setting CVar [[r.SkyAtmosphere.SampleCountMax:128.0]]
[2021.09.24-15.08.29:662][  0]LogConfig: Setting CVar [[r.SkyAtmosphere.TransmittanceLUT.UseSmallFormat:0]]
[2021.09.24-15.08.29:662][  0]LogConfig: Setting CVar [[r.SkyAtmosphere.TransmittanceLUT.SampleCount:10.0]]
[2021.09.24-15.08.29:662][  0]LogConfig: Setting CVar [[r.SkyAtmosphere.MultiScatteringLUT.SampleCount:15.0]]
[2021.09.24-15.08.29:662][  0]LogConfig: Setting CVar [[r.SkyLight.RealTimeReflectionCapture:1]]
[2021.09.24-15.08.29:662][  0]LogConfig: Applying CVar settings from Section [FoliageQuality@3] File [d:/github/Shooter/Saved/Config/Windows/Scalability.ini]
[2021.09.24-15.08.29:662][  0]LogConfig: Setting CVar [[foliage.DensityScale:1.0]]
[2021.09.24-15.08.29:662][  0]LogConfig: Setting CVar [[grass.DensityScale:1.0]]
[2021.09.24-15.08.29:662][  0]LogConfig: Applying CVar settings from Section [ShadingQuality@3] File [d:/github/Shooter/Saved/Config/Windows/Scalability.ini]
[2021.09.24-15.08.29:662][  0]LogConfig: Setting CVar [[r.HairStrands.SkyLighting.IntegrationType:2]]
[2021.09.24-15.08.29:662][  0]LogConfig: Setting CVar [[r.HairStrands.SkyAO.SampleCount:4]]
[2021.09.24-15.08.29:662][  0]LogConfig: Setting CVar [[r.HairStrands.Visibility.MSAA.SamplePerPixel:4]]
[2021.09.24-15.08.29:662][  0]LogConfig: Applying CVar settings from Section [Startup] File [../../../Engine/Config/ConsoleVariables.ini]
[2021.09.24-15.08.29:662][  0]LogConfig: Setting CVar [[net.UseAdaptiveNetUpdateFrequency:0]]
[2021.09.24-15.08.29:662][  0]LogConfig: Setting CVar [[p.chaos.AllowCreatePhysxBodies:1]]
[2021.09.24-15.08.29:662][  0]LogConfig: Setting CVar [[fx.SkipVectorVMBackendOptimizations:1]]
[2021.09.24-15.08.29:662][  0]LogConfig: Applying CVar settings from Section [ConsoleVariables] File [d:/github/Shooter/Saved/Config/Windows/Engine.ini]
[2021.09.24-15.08.29:662][  0]LogConfig: Applying CVar settings from Section [ConsoleVariables] File [d:/github/Shooter/Saved/Config/Windows/Editor.ini]
[2021.09.24-15.08.29:663][  0]LogInit: Computer: DESKTOP-F2QDMU6
[2021.09.24-15.08.29:663][  0]LogInit: User: zidan
[2021.09.24-15.08.29:663][  0]LogInit: CPU Page size=4096, Cores=6
[2021.09.24-15.08.29:663][  0]LogInit: High frequency timer resolution =10.000000 MHz
[2021.09.24-15.08.29:663][  0]LogMemory: Memory total: Physical=15.9GB (16GB approx)
[2021.09.24-15.08.29:663][  0]LogMemory: Platform Memory Stats for Windows
[2021.09.24-15.08.29:663][  0]LogMemory: Process Physical Memory: 154.03 MB used, 154.03 MB peak
[2021.09.24-15.08.29:663][  0]LogMemory: Process Virtual Memory: 133.20 MB used, 133.20 MB peak
[2021.09.24-15.08.29:663][  0]LogMemory: Physical Memory: 5957.30 MB used,  10340.47 MB free, 16297.78 MB total
[2021.09.24-15.08.29:664][  0]LogMemory: Virtual Memory: 134187984.00 MB used,  29743.35 MB free, 134217728.00 MB total
[2021.09.24-15.08.29:682][  0]LogWindows: WindowsPlatformFeatures enabled
[2021.09.24-15.08.29:952][  0]LogInit: Physics initialised using underlying interface: PhysX
[2021.09.24-15.08.29:977][  0]LogInit: Overriding language with editor language configuration option (en).
[2021.09.24-15.08.29:978][  0]LogInit: Overriding language with editor locale configuration option (en).
[2021.09.24-15.08.30:301][  0]LogInit: Setting process to per monitor DPI aware
[2021.09.24-15.08.30:333][  0]LogWindowsTextInputMethodSystem: Display: IME system deactivated.
[2021.09.24-15.08.30:377][  0]LogSlate: New Slate User Created.  User Index 0, Is Virtual User: 0
[2021.09.24-15.08.30:377][  0]LogSlate: Slate User Registered.  User Index 0, Is Virtual User: 0
[2021.09.24-15.08.30:672][  0]LogD3D11RHI: Loaded GFSDK_Aftermath_Lib.x64.dll
[2021.09.24-15.08.30:681][  0]LogHMD: Failed to initialize OpenVR with code 110
[2021.09.24-15.08.30:681][  0]LogD3D11RHI: D3D11 min allowed feature level: 11_0
[2021.09.24-15.08.30:681][  0]LogD3D11RHI: D3D11 max allowed feature level: 11_0
[2021.09.24-15.08.30:681][  0]LogD3D11RHI: D3D11 adapters:
[2021.09.24-15.08.30:764][  0]LogD3D11RHI:    0. 'NVIDIA GeForce GTX 970' (Feature Level 11_0)
[2021.09.24-15.08.30:764][  0]LogD3D11RHI:       4043/0/8148 MB DedicatedVideo/DedicatedSystem/SharedSystem, Outputs:2, VendorId:0x10de
[2021.09.24-15.08.30:771][  0]LogD3D11RHI:    1. 'Microsoft Basic Render Driver' (Feature Level 11_0)
[2021.09.24-15.08.30:771][  0]LogD3D11RHI:       0/0/8148 MB DedicatedVideo/DedicatedSystem/SharedSystem, Outputs:0, VendorId:0x1414
[2021.09.24-15.08.30:771][  0]LogD3D11RHI: Chosen D3D11 Adapter: 0
[2021.09.24-15.08.30:777][  0]LogD3D11RHI: Creating new Direct3DDevice
[2021.09.24-15.08.30:777][  0]LogD3D11RHI:     GPU DeviceId: 0x13c2 (for the marketing name, search the web for "GPU Device Id")
[2021.09.24-15.08.30:777][  0]LogWindows: EnumDisplayDevices:
[2021.09.24-15.08.30:777][  0]LogWindows:    0. 'NVIDIA GeForce GTX 970' (P:0 D:1)
[2021.09.24-15.08.30:778][  0]LogWindows:    1. 'NVIDIA GeForce GTX 970' (P:1 D:1)
[2021.09.24-15.08.30:779][  0]LogWindows:    2. 'NVIDIA GeForce GTX 970' (P:0 D:0)
[2021.09.24-15.08.30:780][  0]LogWindows:    3. 'NVIDIA GeForce GTX 970' (P:0 D:0)
[2021.09.24-15.08.30:781][  0]LogWindows: DebugString: FoundDriverCount:4 
[2021.09.24-15.08.30:781][  0]LogD3D11RHI:     Adapter Name: NVIDIA GeForce GTX 970
[2021.09.24-15.08.30:781][  0]LogD3D11RHI:   Driver Version: 456.71 (internal:27.21.14.5671, unified:456.71)
[2021.09.24-15.08.30:781][  0]LogD3D11RHI:      Driver Date: 9-30-2020
[2021.09.24-15.08.30:782][  0]LogRHI: Texture pool is 2830 MB (70% of 4043 MB)
[2021.09.24-15.08.30:833][  0]LogD3D11RHI: RHI has support for 64 bit atomics
[2021.09.24-15.08.30:835][  0]LogD3D11RHI: Async texture creation enabled
[2021.09.24-15.08.30:835][  0]LogD3D11RHI: Array index from any shader is supported
[2021.09.24-15.08.30:904][  0]LogD3D11RHI: GPU Timing Frequency: 1000.000000 (Debug: 2 1)
[2021.09.24-15.08.31:015][  0]LogRHI: GeForceNow SDK initialized: 1
[2021.09.24-15.08.31:425][  0]LogTargetPlatformManager: Display: Loaded TargetPlatform 'AllDesktop'
[2021.09.24-15.08.31:447][  0]LogTargetPlatformManager: Display: Loaded TargetPlatform 'Android'
[2021.09.24-15.08.31:447][  0]LogTargetPlatformManager: Display: Loaded TargetPlatform 'Android_ASTC'
[2021.09.24-15.08.31:447][  0]LogTargetPlatformManager: Display: Loaded TargetPlatform 'Android_DXT'
[2021.09.24-15.08.31:447][  0]LogTargetPlatformManager: Display: Loaded TargetPlatform 'Android_ETC2'
[2021.09.24-15.08.31:447][  0]LogTargetPlatformManager: Display: Loaded TargetPlatform 'AndroidClient'
[2021.09.24-15.08.31:447][  0]LogTargetPlatformManager: Display: Loaded TargetPlatform 'Android_ASTCClient'
[2021.09.24-15.08.31:447][  0]LogTargetPlatformManager: Display: Loaded TargetPlatform 'Android_DXTClient'
[2021.09.24-15.08.31:447][  0]LogTargetPlatformManager: Display: Loaded TargetPlatform 'Android_ETC2Client'
[2021.09.24-15.08.31:447][  0]LogTargetPlatformManager: Display: Loaded TargetPlatform 'Android_Multi'
[2021.09.24-15.08.31:447][  0]LogTargetPlatformManager: Display: Loaded TargetPlatform 'Android_MultiClient'
[2021.09.24-15.08.31:475][  0]LogTargetPlatformManager: Display: Loaded TargetPlatform 'IOSClient'
[2021.09.24-15.08.31:475][  0]LogTargetPlatformManager: Display: Loaded TargetPlatform 'IOS'
[2021.09.24-15.08.31:487][  0]LogTargetPlatformManager: Display: Loaded TargetPlatform 'Linux'
[2021.09.24-15.08.31:495][  0]LogTargetPlatformManager: Display: Loaded TargetPlatform 'LinuxNoEditor'
[2021.09.24-15.08.31:501][  0]LogTargetPlatformManager: Display: Loaded TargetPlatform 'LinuxClient'
[2021.09.24-15.08.31:509][  0]LogTargetPlatformManager: Display: Loaded TargetPlatform 'LinuxServer'
[2021.09.24-15.08.31:521][  0]LogTargetPlatformManager: Display: Loaded TargetPlatform 'LinuxAArch64NoEditor'
[2021.09.24-15.08.31:530][  0]LogTargetPlatformManager: Display: Loaded TargetPlatform 'LinuxAArch64Client'
[2021.09.24-15.08.31:538][  0]LogTargetPlatformManager: Display: Loaded TargetPlatform 'LinuxAArch64Server'
[2021.09.24-15.08.31:561][  0]LogTargetPlatformManager: Display: Loaded TargetPlatform 'Lumin'
[2021.09.24-15.08.31:561][  0]LogTargetPlatformManager: Display: Loaded TargetPlatform 'LuminClient'
[2021.09.24-15.08.31:571][  0]LogTargetPlatformManager: Display: Loaded TargetPlatform 'MacNoEditor'
[2021.09.24-15.08.31:578][  0]LogTargetPlatformManager: Display: Loaded TargetPlatform 'Mac'
[2021.09.24-15.08.31:585][  0]LogTargetPlatformManager: Display: Loaded TargetPlatform 'MacClient'
[2021.09.24-15.08.31:591][  0]LogTargetPlatformManager: Display: Loaded TargetPlatform 'MacServer'
[2021.09.24-15.08.31:602][  0]LogTargetPlatformManager: Display: Loaded TargetPlatform 'TVOSClient'
[2021.09.24-15.08.31:602][  0]LogTargetPlatformManager: Display: Loaded TargetPlatform 'TVOS'
[2021.09.24-15.08.31:613][  0]LogTargetPlatformManager: Display: Loaded TargetPlatform 'WindowsNoEditor'
[2021.09.24-15.08.31:621][  0]LogTargetPlatformManager: Display: Loaded TargetPlatform 'Windows'
[2021.09.24-15.08.31:628][  0]LogTargetPlatformManager: Display: Loaded TargetPlatform 'WindowsClient'
[2021.09.24-15.08.31:635][  0]LogTargetPlatformManager: Display: Loaded TargetPlatform 'WindowsServer'
[2021.09.24-15.08.31:635][  0]LogTargetPlatformManager: Display: Building Assets For Windows
[2021.09.24-15.08.31:652][  0]LogAudioDebug: Display: Lib vorbis DLL was dynamically loaded.
[2021.09.24-15.08.31:739][  0]LogTextureFormatOodle: Display: Oodle Texture 2.9.0 init RDO Off
[2021.09.24-15.08.31:874][  0]LogRendererCore: Ray tracing is disabled. Reason: r.RayTracing=0.
[2021.09.24-15.08.31:876][  0]LogShaderCompilers: Guid format shader working directory is 13 characters bigger than the processId version (../../../../../../github/Shooter/Intermediate/Shaders/WorkingDirectory/17428/).
[2021.09.24-15.08.31:876][  0]LogShaderCompilers: Cleaned the shader compiler working directory 'C:/Users/zidan/AppData/Local/Temp/UnrealShaderWorkingDir/36B7CF8347CE008CE62BD2AFA10F671F/'.
[2021.09.24-15.08.31:879][  0]LogXGEController: Cannot use XGE Controller as Incredibuild is not installed on this machine.
[2021.09.24-15.08.31:880][  0]LogShaderCompilers: Cannot use XGE Shader Compiler as Incredibuild is not installed on this machine.
[2021.09.24-15.08.31:880][  0]LogShaderCompilers: Display: Using Local Shader Compiler.
[2021.09.24-15.08.32:735][  0]LogDerivedDataCache: Display: Max Cache Size: 512 MB
[2021.09.24-15.08.32:735][  0]LogDerivedDataCache: Display: Starting with empty Boot cache
[2021.09.24-15.08.32:735][  0]LogDerivedDataCache: FDerivedDataBackendGraph:  Pak pak cache file ../../../../../../github/Shooter/DerivedDataCache/DDC.ddp not found, will not use a pak cache.
[2021.09.24-15.08.32:735][  0]LogDerivedDataCache: Unable to find inner node Pak for hierarchical cache Hierarchy.
[2021.09.24-15.08.32:736][  0]LogDerivedDataCache: FDerivedDataBackendGraph:  CompressedPak pak cache file ../../../../../../github/Shooter/DerivedDataCache/Compressed.ddp not found, will not use a pak cache.
[2021.09.24-15.08.32:736][  0]LogDerivedDataCache: Unable to find inner node CompressedPak for hierarchical cache Hierarchy.
[2021.09.24-15.08.32:753][  0]LogDerivedDataCache: Display: Pak cache opened for reading ../../../Engine/DerivedDataCache/Compressed.ddp.
[2021.09.24-15.08.32:753][  0]LogDerivedDataCache: FDerivedDataBackendGraph:  EnterprisePak pak cache file ../../../Enterprise/DerivedDataCache/Compressed.ddp not found, will not use a pak cache.
[2021.09.24-15.08.32:753][  0]LogDerivedDataCache: Unable to find inner node EnterprisePak for hierarchical cache Hierarchy.
[2021.09.24-15.08.32:768][  0]LogDerivedDataCache: Speed tests for C:/Users/zidan/AppData/Local/UnrealEngine/Common/DerivedDataCache took 0.01 seconds
[2021.09.24-15.08.32:768][  0]LogDerivedDataCache: Display: Performance to C:/Users/zidan/AppData/Local/UnrealEngine/Common/DerivedDataCache: Latency=0.10ms. RandomReadSpeed=995.17MBs, RandomWriteSpeed=144.70MBs. Assigned SpeedClass 'Local'
[2021.09.24-15.08.32:769][  0]LogDerivedDataCache: Using Local data cache path C:/Users/zidan/AppData/Local/UnrealEngine/Common/DerivedDataCache: Writable
[2021.09.24-15.08.32:769][  0]LogDerivedDataCache: Shared data cache path not found in *engine.ini, will not use an Shared cache.
[2021.09.24-15.08.32:769][  0]LogDerivedDataCache: Unable to find inner node Shared for hierarchical cache Hierarchy.
[2021.09.24-15.08.32:850][  0]LogSlate: Using FreeType 2.10.0
[2021.09.24-15.08.32:853][  0]LogSlate: SlateFontServices - WITH_FREETYPE: 1, WITH_HARFBUZZ: 1
[2021.09.24-15.08.32:900][  0]LogAssetRegistry: FAssetRegistry took 0.0070 seconds to start up
[2021.09.24-15.08.33:662][  0]LogInit: Selected Device Profile: [Windows]
[2021.09.24-15.08.33:662][  0]LogInit: Active device profile: [000002CA3F616F00][000002CA39CBFAC0 49] Windows
[2021.09.24-15.08.33:662][  0]LogInit: Profiles: [000002CA3F616F00][000002CA39CBFAC0 49] Windows, [000002CA3F5E1300][000002CA3D333C00 49] WindowsNoEditor, [000002CA3F615300][000002CA3D3361C0 49] WindowsServer, [000002CA3F5E2900][000002CA3D33A300 49] WindowsClient, [000002CA3F616800][000002CA3CDF2480 49] IOS, [000002CA3F5E1A00][000002CA3CDF6600 49] iPadAir, [000002CA3F615900][000002CA3CDFA780 49] iPadAir2, [000002CA3F58BA00][000002CA3CE02A40 49] IPadPro, [000002CA3F58BB00][000002CA3CDFEA80 49] iPadAir3, [000002CA3F617100][000002CA3CE06C00 49] iPadAir4, [000002CA3F589800][000002CA39BB8D80 49] iPadMini2, [000002CA3F615100][000002CA39BBCF00 49] iPadMini3, [000002CA3F58BC00][000002CA39BC1080 49] iPadMini4, [000002CA3F616900][000002CA39BC5200 49] iPadMini5, [000002CA3F5C7300][000002CA39BCD4C0 49] iPhone6, [000002CA3F5C7400][000002CA39BC9500 49] iPodTouch6, [000002CA3F588600][000002CA3D10D7C0 49] iPhone7, [000002CA3F588500][000002CA39BD1800 49] iPodTouch7, [000002CA3F5C5700][000002CA3D111980 49] iPhone5S, [000002CA3F58B400][000002CA3D115B00 49] iPhone6Plus, [000002CA3F5C7600][000002CA3D118100 49] iPhone6S, [000002CA3F58BE00][000002CA3CDEE240 49] iPhone6SPlus, [000002CA3F5C5600][000002CA3D11C380 49] iPhone7Plus, [000002CA3F589E00][000002CA3D1204C0 49] iPhoneSE, [000002CA3F5C4C00][000002CA3D128640 49] iPhone8, [000002CA3F588100][000002CA3D12C7C0 49] iPhone8Plus, [000002CA3F5C5900][000002CA3D130940 49] iPhoneX, [000002CA3F589400][000002CA3D134AC0 49] iPhoneXS, [000002CA3F5C7800][000002CA3D138C40 49] iPhoneXSMax, [000002CA3F58A700][000002CA3D13CDC0 49] iPhoneXR, [000002CA3F5C6500][000002CA3D140F40 49] iPhone11, [000002CA3F589C00][000002CA3D1450C0 49] iPhone11Pro, [000002CA3F5C7700][000002CA3D149240 49] iPhone11ProMax, [000002CA3F58A400][000002CA3D14D3C0 49] iPhoneSE2, [000002CA3F5C7900][000002CA3D151540 49] iPhone12Mini, [000002CA3F58B100][000002CA3D1556C0 49] iPhone12, [000002CA3F5C4100][000002CA3D159840 49] iPhone12Pro, [000002CA3F58B700][000002CA3D15D9C0 49] iPhone12ProMax, [000002CA3F5C7B00][000002CA3D161B40 49] iPadPro105, [000002CA3F589900][000002CA3D164140 49] iPadPro129, [000002CA3F5C4D00][000002CA3D1682C0 49] iPadPro97, [000002CA3F58BF00][000002CA3D124400 49] iPadPro2_129, [000002CA3F5C7100][000002CA3D16C540 49] iPad5, [000002CA3F588900][000002CA3D170680 49] iPad6, [000002CA3F5C7500][000002CA3DE2E7C0 49] iPad7, [000002CA3F58A500][000002CA3DE36940 49] iPad8, [000002CA3F5C6D00][000002CA3DE3AAC0 49] iPadPro11, [000002CA3F588A00][000002CA3DE3EC40 49] iPadPro2_11, [000002CA3F5C5400][000002CA3DE42DC0 49] iPadPro3_129, [000002CA3F589B00][000002CA3DE46F40 49] iPadPro4_129, [000002CA3F5C7A00][000002CA3DE4B0C0 49] AppleTV, [000002CA3F58A100][000002CA3DE4F240 49] AppleTV4K, [000002CA3F5C4200][000002CA3DE533C0 49] TVOS, [000002CA3F58B500][000002CA3DE57540 49] Mac, [000002CA3F5E0C00][000002CA3DE5B6C0 49] MacClient, [000002CA3F65CB00][000002CA3DE5F840 49] MacNoEditor, [000002CA3F5E1500][000002CA3DE639C0 49] MacServer, [000002CA3F65C500][000002CA3DE67B40 49] Linux, [000002CA3F5E0B00][000002CA3DE6A140 49] LinuxAArch64, [000002CA3F65D800][000002CA3DE6E2C0 49] LinuxNoEditor, [000002CA3F5E3100][000002CA3DE72440 49] LinuxAArch64NoEditor, [000002CA3F65D200][000002CA3DE32580 49] LinuxClient, [000002CA3F5E0D00][000002CA3DE766C0 49] LinuxAArch64Client, [000002CA3F65D100][000002CA3DE7A800 49] LinuxServer, [000002CA3F5E3700][000002CA3DE7E940 49] LinuxAArch64Server, [000002CA3F65D000][000002CA3DE86AC0 49] Android, [000002CA3F5E2B00][000002CA3DE8AC40 49] Android_Low, [000002CA3F65C300][000002CA3DE8EDC0 49] Android_Mid, [000002CA3F5E0500][000002CA3DE92F40 49] Android_High, [000002CA3F65DE00][000002CA3DE970C0 49] Android_Default, [000002CA3F5E1700][000002CA3DE9B240 49] Android_Adreno4xx, [000002CA3F65C800][000002CA3DE9F3C0 49] Android_Adreno5xx_Low, [000002CA3F5E0100][000002CA3DEA3540 49] Android_Adreno5xx, [000002CA3F65D400][000002CA3DEA76C0 49] Android_Adreno6xx, [000002CA3F5E2F00][000002CA3DEAB840 49] Android_Adreno6xx_Vulkan, [000002CA3F65CC00][000002CA3DEAF9C0 49] Android_Mali_T6xx, [000002CA3F58A000][000002CA3DEB3B40 49] Android_Mali_T7xx, [000002CA3F5C4400][000002CA3DEB6140 49] Android_Mali_T8xx, [000002CA3F589300][000002CA3DEBA2C0 49] Android_Mali_G71, [000002CA3F5C4700][000002CA3DEBE440 49] Android_Mali_G72, [000002CA3F589500][000002CA3DEC25C0 49] Android_Mali_G72_Vulkan, [000002CA3F5C4300][000002CA3DEC6740 49] Android_Mali_G76, [000002CA3F588400][000002CA3DE82880 49] Android_Mali_G76_Vulkan, [000002CA3F5C5A00][000002CA3DECA9C0 49] Android_Mali_G77, [000002CA3F588D00][000002CA3DECEB00 49] Android_Mali_G77_Vulkan, [000002CA3F5C6300][000002CA3DED6C80 49] Android_Mali_G78, [000002CA3F589A00][000002CA3DEDAE00 49] Android_Mali_G78_Vulkan, [000002CA3F5C5D00][000002CA3DEDEF80 49] Android_Mali_G710, [000002CA3F588B00][000002CA3DEE3100 49] Android_Mali_G710_Vulkan, [000002CA3F5C6C00][000002CA3DEE7280 49] Android_Vulkan_SM5, [000002CA3F58AA00][000002CA3DEEB400 49] Android_PowerVR_G6xxx, [000002CA3F5C6100][000002CA3DEEF580 49] Android_PowerVR_GT7xxx, [000002CA3F589D00][000002CA3DEF3700 49] Android_PowerVR_GE8xxx, [000002CA3F5C6400][000002CA3DEF7880 49] Android_PowerVR_GM9xxx, [000002CA3F58AB00][000002CA3DEFBA00 49] Android_PowerVR_GM9xxx_Vulkan, [000002CA3F5C7000][000002CA3DEFFB80 49] Android_TegraK1, [000002CA3F588C00][000002CA3DF02180 49] Android_Unknown_Vulkan, [000002CA3F5C5000][000002CA3DF06300 49] Lumin, [000002CA3F58BD00][000002CA3DF0A480 49] Lumin_Desktop, [000002CA3F65CD00][000002CA3DF0E600 49] HoloLens, 
[2021.09.24-15.08.33:911][  0]LogMeshReduction: Using QuadricMeshReduction for automatic static mesh reduction
[2021.09.24-15.08.33:911][  0]LogMeshReduction: Using SimplygonMeshReduction for automatic skeletal mesh reduction
[2021.09.24-15.08.33:911][  0]LogMeshReduction: Using ProxyLODMeshReduction for automatic mesh merging
[2021.09.24-15.08.33:911][  0]LogMeshReduction: No distributed automatic mesh merging module available
[2021.09.24-15.08.33:911][  0]LogMeshMerging: No distributed automatic mesh merging module available
[2021.09.24-15.08.33:965][  0]LogNetVersion: Shooter 1.0.0, NetCL: 17155196, EngineNetVer: 17, GameNetVer: 0 (Checksum: 1849318458)
[2021.09.24-15.08.34:681][  0]LogTexture: Default maximum texture size for cubemaps generated from long-lat sources has been changed from 512 to unlimited. In order to preserve old behaiour for '/Engine/MapTemplates/Sky/DaylightAmbientCubemap.DaylightAmbientCubemap', its maximum texture size has been explicitly set to 512.
[2021.09.24-15.08.34:829][  0]LogHMD: PokeAHoleMaterial loaded successfully
[2021.09.24-15.08.34:835][  0]LogUObjectArray: 17178 objects as part of root set at end of initial load.
[2021.09.24-15.08.34:835][  0]LogUObjectAllocator: 4301856 out of 0 bytes used by permanent object pool.
[2021.09.24-15.08.34:835][  0]LogUObjectArray: CloseDisregardForGC: 0/0 objects in disregard for GC pool
[2021.09.24-15.08.35:280][  0]LogNiagaraDebuggerClient: Niagara Debugger Client Initialized | Session: 9AB54D7F4EEA69A3877D0ABA2E83293C | Instance: 31A27E1C432FD9A3C77134A23E1787D4 (DESKTOP-F2QDMU6-17428).
[2021.09.24-15.08.35:458][  0]LogStreaming: Warning: Failed to read file '../../../Engine/Content/Editor/Slate/Niagara/MenuSeparator.png' error.
[2021.09.24-15.08.35:458][  0]LogSlate: Could not find file for Slate resource: ../../../Engine/Content/Editor/Slate/Niagara/MenuSeparator.png
[2021.09.24-15.08.35:458][  0]LogStreaming: Warning: Failed to read file '../../../Engine/Content/Editor/Slate/Niagara/Common/Selector.png' error.
[2021.09.24-15.08.35:458][  0]LogSlate: Could not find file for Slate resource: ../../../Engine/Content/Editor/Slate/Niagara/Common/Selector.png
[2021.09.24-15.08.35:458][  0]LogStreaming: Warning: Failed to read file '../../../Engine/Content/Editor/Slate/Niagara/Common/Selection.png' error.
[2021.09.24-15.08.35:458][  0]LogSlate: Could not find file for Slate resource: ../../../Engine/Content/Editor/Slate/Niagara/Common/Selection.png
[2021.09.24-15.08.35:458][  0]LogStreaming: Warning: Failed to read file '../../../Engine/Content/Editor/Slate/Niagara/Common/DropZoneIndicator_Above.png' error.
[2021.09.24-15.08.35:458][  0]LogSlate: Could not find file for Slate resource: ../../../Engine/Content/Editor/Slate/Niagara/Common/DropZoneIndicator_Above.png
[2021.09.24-15.08.35:458][  0]LogStreaming: Warning: Failed to read file '../../../Engine/Content/Editor/Slate/Niagara/Common/DropZoneIndicator_Onto.png' error.
[2021.09.24-15.08.35:458][  0]LogSlate: Could not find file for Slate resource: ../../../Engine/Content/Editor/Slate/Niagara/Common/DropZoneIndicator_Onto.png
[2021.09.24-15.08.35:458][  0]LogStreaming: Warning: Failed to read file '../../../Engine/Content/Editor/Slate/Niagara/Common/DropZoneIndicator_Below.png' error.
[2021.09.24-15.08.35:458][  0]LogSlate: Could not find file for Slate resource: ../../../Engine/Content/Editor/Slate/Niagara/Common/DropZoneIndicator_Below.png
[2021.09.24-15.08.35:458][  0]LogStreaming: Warning: Failed to read file '../../../Engine/Content/Editor/Slate/Niagara/Common/RoundedSelection_16x.png' error.
[2021.09.24-15.08.35:458][  0]LogSlate: Could not find file for Slate resource: ../../../Engine/Content/Editor/Slate/Niagara/Common/RoundedSelection_16x.png
[2021.09.24-15.08.35:458][  0]LogStreaming: Warning: Failed to read file '../../../Engine/Content/Editor/Slate/Niagara/Common/FlatButton.png' error.
[2021.09.24-15.08.35:458][  0]LogSlate: Could not find file for Slate resource: ../../../Engine/Content/Editor/Slate/Niagara/Common/FlatButton.png
[2021.09.24-15.08.35:458][  0]LogImageWrapper: Warning: PNG Warning: Duplicate iCCP chunk
[2021.09.24-15.08.35:458][  0]LogImageWrapper: Warning: PNG Warning: Duplicate iCCP chunk
[2021.09.24-15.08.35:458][  0]LogPython: Using Python 3.7.7
[2021.09.24-15.08.36:167][  0]LogTcpMessaging: Initializing TcpMessaging bridge
[2021.09.24-15.08.36:178][  0]LogUdpMessaging: Initializing bridge on interface 0.0.0.0:0 to multicast group 230.0.0.1:6666.
[2021.09.24-15.08.36:736][  0]SourceControl: Source control is disabled
[2021.09.24-15.08.36:736][  0]SourceControl: Source control is disabled
[2021.09.24-15.08.36:753][  0]SourceControl: Source control is disabled
[2021.09.24-15.08.36:763][  0]SourceControl: Source control is disabled
[2021.09.24-15.08.36:820][  0]SourceControl: Source control is disabled
[2021.09.24-15.08.36:828][  0]LogUProjectInfo: Found projects:
[2021.09.24-15.08.37:208][  0]LogOpenImageDenoise: OIDN starting up
[2021.09.24-15.08.37:303][  0]LogAndroidPermission: UAndroidPermissionCallbackProxy::GetInstance
[2021.09.24-15.08.37:336][  0]LogAudioCaptureCore: Display: No Audio Capture implementations found. Audio input will be silent.
[2021.09.24-15.08.37:336][  0]LogAudioCaptureCore: Display: No Audio Capture implementations found. Audio input will be silent.
[2021.09.24-15.08.37:722][  0]LogOcInput: OculusInput pre-init called
[2021.09.24-15.08.38:095][  0]LogStreaming: Warning: Failed to read file '../../../Engine/Content/Editor/Slate/Niagara/MenuSeparator.png' error.
[2021.09.24-15.08.38:095][  0]LogSlate: Could not find file for Slate resource: ../../../Engine/Content/Editor/Slate/Niagara/MenuSeparator.png
[2021.09.24-15.08.38:095][  0]LogStreaming: Warning: Failed to read file '../../../Engine/Content/Editor/Slate/Niagara/Common/Selector.png' error.
[2021.09.24-15.08.38:095][  0]LogSlate: Could not find file for Slate resource: ../../../Engine/Content/Editor/Slate/Niagara/Common/Selector.png
[2021.09.24-15.08.38:095][  0]LogStreaming: Warning: Failed to read file '../../../Engine/Content/Editor/Slate/Niagara/Common/Selection.png' error.
[2021.09.24-15.08.38:095][  0]LogSlate: Could not find file for Slate resource: ../../../Engine/Content/Editor/Slate/Niagara/Common/Selection.png
[2021.09.24-15.08.38:095][  0]LogStreaming: Warning: Failed to read file '../../../Engine/Content/Editor/Slate/Niagara/Common/DropZoneIndicator_Above.png' error.
[2021.09.24-15.08.38:095][  0]LogSlate: Could not find file for Slate resource: ../../../Engine/Content/Editor/Slate/Niagara/Common/DropZoneIndicator_Above.png
[2021.09.24-15.08.38:095][  0]LogStreaming: Warning: Failed to read file '../../../Engine/Content/Editor/Slate/Niagara/Common/DropZoneIndicator_Onto.png' error.
[2021.09.24-15.08.38:095][  0]LogSlate: Could not find file for Slate resource: ../../../Engine/Content/Editor/Slate/Niagara/Common/DropZoneIndicator_Onto.png
[2021.09.24-15.08.38:095][  0]LogStreaming: Warning: Failed to read file '../../../Engine/Content/Editor/Slate/Niagara/Common/DropZoneIndicator_Below.png' error.
[2021.09.24-15.08.38:095][  0]LogSlate: Could not find file for Slate resource: ../../../Engine/Content/Editor/Slate/Niagara/Common/DropZoneIndicator_Below.png
[2021.09.24-15.08.38:095][  0]LogStreaming: Warning: Failed to read file '../../../Engine/Content/Editor/Slate/Niagara/Common/RoundedSelection_16x.png' error.
[2021.09.24-15.08.38:095][  0]LogSlate: Could not find file for Slate resource: ../../../Engine/Content/Editor/Slate/Niagara/Common/RoundedSelection_16x.png
[2021.09.24-15.08.38:095][  0]LogStreaming: Warning: Failed to read file '../../../Engine/Content/Editor/Slate/Niagara/Common/FlatButton.png' error.
[2021.09.24-15.08.38:095][  0]LogSlate: Could not find file for Slate resource: ../../../Engine/Content/Editor/Slate/Niagara/Common/FlatButton.png
[2021.09.24-15.08.38:095][  0]LogImageWrapper: Warning: PNG Warning: Duplicate iCCP chunk
[2021.09.24-15.08.38:095][  0]LogImageWrapper: Warning: PNG Warning: Duplicate iCCP chunk
[2021.09.24-15.08.38:116][  0]LogCollectionManager: Loaded 0 collections in 0.001478 seconds
[2021.09.24-15.08.38:291][  0]LogFileCache: Scanning file cache for directory 'd:/github/Shooter/Saved/Collections/' took 0.00s
[2021.09.24-15.08.38:291][  0]LogFileCache: Scanning file cache for directory 'd:/github/Shooter/Content/Developers/zidan/Collections/' took 0.00s
[2021.09.24-15.08.38:291][  0]LogFileCache: Scanning file cache for directory 'd:/github/Shooter/Content/Collections/' took 0.00s
[2021.09.24-15.08.38:291][  0]LogEngine: Initializing Engine...
[2021.09.24-15.08.38:302][  0]LogHMD: Failed to enumerate extensions. Please check that you have a valid OpenXR runtime installed.
[2021.09.24-15.08.38:303][  0]LogHMD: Failed to initialize OpenVR with code 110
[2021.09.24-15.08.38:303][  0]LogMagicLeap: Warning: VR disabled because ZI is not enabled.  To enable, in the editor, Edit -> Project Settings -> Plugins -> Magic Leap Plugin -> Enable Zero Iteration
[2021.09.24-15.08.38:307][  0]LogStats: UGameplayTagsManager::InitializeManager -  0.001 s
[2021.09.24-15.08.38:581][  0]LogInit: Initializing FReadOnlyCVARCache
[2021.09.24-15.08.38:632][  0]LogAIModule: Creating AISystem for world Untitled
[2021.09.24-15.08.38:638][  0]LogAudio: Display: Initializing Audio Device Manager...
[2021.09.24-15.08.38:645][  0]LogAudio: Display: Loading Default Audio Settings Objects...
[2021.09.24-15.08.38:645][  0]LogAudio: Display: No default SoundConcurrencyObject specified (or failed to load).
[2021.09.24-15.08.38:648][  0]LogAudio: Display: Audio Device Manager Initialized
[2021.09.24-15.08.38:648][  0]LogAudio: Display: Creating Audio Device:                 Id: 1, Scope: Shared, Realtime: True
[2021.09.24-15.08.38:649][  0]LogAudioMixer: Display: Audio Mixer Platform Settings:
[2021.09.24-15.08.38:649][  0]LogAudioMixer: Display: 	Sample Rate:						  48000
[2021.09.24-15.08.38:649][  0]LogAudioMixer: Display: 	Callback Buffer Frame Size Requested: 1024
[2021.09.24-15.08.38:649][  0]LogAudioMixer: Display: 	Callback Buffer Frame Size To Use:	  1024
[2021.09.24-15.08.38:649][  0]LogAudioMixer: Display: 	Number of buffers to queue:			  2
[2021.09.24-15.08.38:649][  0]LogAudioMixer: Display: 	Max Channels (voices):				  32
[2021.09.24-15.08.38:649][  0]LogAudioMixer: Display: 	Number of Async Source Workers:		  0
[2021.09.24-15.08.38:649][  0]LogAudio: Display: AudioDevice MaxSources: 32
[2021.09.24-15.08.38:650][  0]LogAudio: Display: Audio Spatialization Plugin: None (built-in).
[2021.09.24-15.08.38:650][  0]LogAudio: Display: Audio Reverb Plugin: None (built-in).
[2021.09.24-15.08.38:650][  0]LogAudio: Display: Audio Occlusion Plugin: None (built-in).
[2021.09.24-15.08.38:650][  0]LogAudioMixer: Display: Initializing audio mixer.
[2021.09.24-15.08.38:719][  0]LogAudioMixer: Display: 0: FrontLeft
[2021.09.24-15.08.38:719][  0]LogAudioMixer: Display: 1: FrontRight
[2021.09.24-15.08.38:872][  0]LogAudioMixer: Display: Using Audio Device 스피커(High Definition Audio Device)
[2021.09.24-15.08.38:874][  0]LogAudioMixer: Display: Initializing Sound Submixes...
[2021.09.24-15.08.38:876][  0]LogAudioMixer: Display: Creating Master Submix 'MasterSubmixDefault'
[2021.09.24-15.08.38:876][  0]LogAudioMixer: Display: Creating Master Submix 'MasterReverbSubmixDefault'
[2021.09.24-15.08.38:877][  0]LogAudioMixer: Display: Creating Master Submix 'MasterEQSubmixDefault'
[2021.09.24-15.08.38:878][  0]LogAudioMixer: FMixerPlatformXAudio2::StartAudioStream() called
[2021.09.24-15.08.38:878][  0]LogAudioMixer: Display: Output buffers initialized: Frames=1024, Channels=2, Samples=2048
[2021.09.24-15.08.38:879][  0]LogAudioMixer: Display: Starting AudioMixerPlatformInterface::RunInternal()
[2021.09.24-15.08.38:879][  0]LogAudioMixer: Display: FMixerPlatformXAudio2::SubmitBuffer() called for the first time
[2021.09.24-15.08.38:879][  0]LogInit: FAudioDevice initialized.
[2021.09.24-15.08.38:880][  0]LogAudio: Display: Audio Device (ID: 1) registered with world 'Untitled'.
[2021.09.24-15.08.38:880][  0]LogNetVersion: Set ProjectVersion to 1.0.0.0. Version Checksum will be recalculated on next use.
[2021.09.24-15.08.38:959][  0]LogDerivedDataCache: Saved boot cache 0.08s 96MB C:/Users/zidan/AppData/Local/UnrealEngine/4.27/DerivedDataCache/Boot.ddc.
[2021.09.24-15.08.38:959][  0]LogInit: Texture streaming: Enabled
[2021.09.24-15.08.38:980][  0]LogAnalytics: Display: [UEEditor.Rocket.Release] APIServer = https://datarouter.ol.epicgames.com/. AppVersion = 4.27.0-17155196+++UE4+Release-4.27
[2021.09.24-15.08.38:989][  0]LogEngineSessionManager: EngineSessionManager initialized
[2021.09.24-15.08.38:990][  0]LogEditorSessionSummary: Verbose: Initializing EditorSessionSummaryWriter for editor session tracking
[2021.09.24-15.08.38:997][  0]LogEditorSessionSummary: EditorSessionSummaryWriter initialized
[2021.09.24-15.08.39:036][  0]LogInit: Transaction tracking system initialized
[2021.09.24-15.08.39:095][  0]BlueprintLog: New page: Editor Load
[2021.09.24-15.08.39:280][  0]LocalizationService: Localization service is disabled
[2021.09.24-15.08.39:353][  0]TimingProfiler: Initialize
[2021.09.24-15.08.39:356][  0]TimingProfiler: OnSessionChanged
[2021.09.24-15.08.39:356][  0]LoadingProfiler: Initialize
[2021.09.24-15.08.39:356][  0]LoadingProfiler: OnSessionChanged
[2021.09.24-15.08.39:356][  0]NetworkingProfiler: Initialize
[2021.09.24-15.08.39:356][  0]NetworkingProfiler: OnSessionChanged
[2021.09.24-15.08.39:356][  0]MemoryProfiler: Initialize
[2021.09.24-15.08.39:356][  0]MemoryProfiler: OnSessionChanged
[2021.09.24-15.08.39:603][  0]LogFileCache: Scanning file cache for directory 'd:/github/Shooter/Content/' took 0.00s
[2021.09.24-15.08.39:603][  0]LogCook: Display: CookSettings for Memory: MemoryMaxUsedVirtual 0MiB, MemoryMaxUsedPhysical 16384MiB, MemoryMinFreeVirtual 0MiB, MemoryMinFreePhysical 1024MiB
[2021.09.24-15.08.39:603][  0]LogCook: Display: Mobile HDR setting 1
[2021.09.24-15.08.40:200][  0]LogStreaming: Warning: Failed to read file '../../../Engine/Content/Editor/Slate/Niagara/MenuSeparator.png' error.
[2021.09.24-15.08.40:200][  0]LogSlate: Could not find file for Slate resource: ../../../Engine/Content/Editor/Slate/Niagara/MenuSeparator.png
[2021.09.24-15.08.40:200][  0]LogStreaming: Warning: Failed to read file '../../../Engine/Content/Editor/Slate/Niagara/Common/Selector.png' error.
[2021.09.24-15.08.40:200][  0]LogSlate: Could not find file for Slate resource: ../../../Engine/Content/Editor/Slate/Niagara/Common/Selector.png
[2021.09.24-15.08.40:200][  0]LogStreaming: Warning: Failed to read file '../../../Engine/Content/Editor/Slate/Niagara/Common/Selection.png' error.
[2021.09.24-15.08.40:200][  0]LogSlate: Could not find file for Slate resource: ../../../Engine/Content/Editor/Slate/Niagara/Common/Selection.png
[2021.09.24-15.08.40:200][  0]LogStreaming: Warning: Failed to read file '../../../Engine/Content/Editor/Slate/Niagara/Common/DropZoneIndicator_Above.png' error.
[2021.09.24-15.08.40:200][  0]LogSlate: Could not find file for Slate resource: ../../../Engine/Content/Editor/Slate/Niagara/Common/DropZoneIndicator_Above.png
[2021.09.24-15.08.40:200][  0]LogStreaming: Warning: Failed to read file '../../../Engine/Content/Editor/Slate/Niagara/Common/DropZoneIndicator_Onto.png' error.
[2021.09.24-15.08.40:200][  0]LogSlate: Could not find file for Slate resource: ../../../Engine/Content/Editor/Slate/Niagara/Common/DropZoneIndicator_Onto.png
[2021.09.24-15.08.40:200][  0]LogStreaming: Warning: Failed to read file '../../../Engine/Content/Editor/Slate/Niagara/Common/DropZoneIndicator_Below.png' error.
[2021.09.24-15.08.40:200][  0]LogSlate: Could not find file for Slate resource: ../../../Engine/Content/Editor/Slate/Niagara/Common/DropZoneIndicator_Below.png
[2021.09.24-15.08.40:200][  0]LogStreaming: Warning: Failed to read file '../../../Engine/Content/Editor/Slate/Niagara/Common/RoundedSelection_16x.png' error.
[2021.09.24-15.08.40:200][  0]LogSlate: Could not find file for Slate resource: ../../../Engine/Content/Editor/Slate/Niagara/Common/RoundedSelection_16x.png
[2021.09.24-15.08.40:200][  0]LogStreaming: Warning: Failed to read file '../../../Engine/Content/Editor/Slate/Niagara/Common/FlatButton.png' error.
[2021.09.24-15.08.40:200][  0]LogSlate: Could not find file for Slate resource: ../../../Engine/Content/Editor/Slate/Niagara/Common/FlatButton.png
[2021.09.24-15.08.40:200][  0]LogImageWrapper: Warning: PNG Warning: Duplicate iCCP chunk
[2021.09.24-15.08.40:200][  0]LogImageWrapper: Warning: PNG Warning: Duplicate iCCP chunk
[2021.09.24-15.08.40:200][  0]LogInit: Display: Engine is initialized. Leaving FEngineLoop::Init()
[2021.09.24-15.08.40:209][  0]SourceControl: Source control is disabled
[2021.09.24-15.08.40:209][  0]LogUnrealEdMisc: Loading editor; pre map load, took 67.859
[2021.09.24-15.08.40:210][  0]Cmd: MAP LOAD FILE="../../../../../../github/Shooter/Content/_Game/Maps/DefaultMap.umap" TEMPLATE=0 SHOWPROGRESS=1 FEATURELEVEL=3
[2021.09.24-15.08.40:211][  0]LightingResults: New page: Lighting Build
[2021.09.24-15.08.40:216][  0]LogWorld: UWorld::CleanupWorld for Untitled, bSessionEnded=true, bCleanupResources=true
[2021.09.24-15.08.40:216][  0]LogSlate: InvalidateAllWidgets triggered.  All widgets were invalidated
[2021.09.24-15.08.40:218][  0]MapCheck: New page: Map Check
[2021.09.24-15.08.40:218][  0]LightingResults: New page: Lighting Build
[2021.09.24-15.08.40:226][  0]LogAudio: Display: Audio Device unregistered from world 'None'.
[2021.09.24-15.08.40:233][  0]LogUObjectHash: Compacting FUObjectHashTables data took   0.62ms
[2021.09.24-15.08.40:300][  0]LogTexture: Display: Building textures: DeprecatedTextureEB9CBE3C423008B5E8E130901E171C89 (BGRA8, 128X128)
[2021.09.24-15.08.40:301][  0]LogAudio: Display: Audio Device (ID: 1) registered with world 'DefaultMap'.
[2021.09.24-15.08.40:302][  0]LogAIModule: Creating AISystem for world DefaultMap
[2021.09.24-15.08.40:317][  0]LogEditorServer: Finished looking for orphan Actors (0.000 secs)
[2021.09.24-15.08.40:325][  0]LogUObjectHash: Compacting FUObjectHashTables data took   0.65ms
[2021.09.24-15.08.40:326][  0]Cmd: MAP CHECKDEP NOCLEARLOG
[2021.09.24-15.08.40:327][  0]MapCheck: Map check complete: 0 Error(s), 0 Warning(s), took 0.317ms to complete.
[2021.09.24-15.08.40:327][  0]LogFileHelpers: Loading map 'DefaultMap' took 0.118
[2021.09.24-15.08.40:355][  0]LogUnrealEdMisc: Total Editor Startup Time, took 68.006
[2021.09.24-15.08.40:530][  0]LogSlate: Updating window title bar state: overlay mode, drag disabled, window buttons hidden, title bar hidden
[2021.09.24-15.08.40:536][  0]LogSlate: Updating window title bar state: overlay mode, drag disabled, window buttons hidden, title bar hidden
[2021.09.24-15.08.40:544][  0]LogSlate: Updating window title bar state: overlay mode, drag disabled, window buttons hidden, title bar hidden
[2021.09.24-15.08.40:554][  0]LogSlate: Updating window title bar state: overlay mode, drag disabled, window buttons hidden, title bar hidden
[2021.09.24-15.08.40:593][  0]LogNativeClassHierarchy: Verbose: Native class hierarchy populated in 0.0077 seconds. Added 3824 classes and 930 folders.
[2021.09.24-15.08.40:600][  0]LogNativeClassHierarchy: Verbose: Native class hierarchy updated for 'WidgetCarousel' in 0.0002 seconds. Added 0 classes and 0 folders.
[2021.09.24-15.08.40:606][  0]LogPakFile: PakFile PrimaryIndexSize=187
[2021.09.24-15.08.40:606][  0]LogPakFile: PakFile PathHashIndexSize=101
[2021.09.24-15.08.40:606][  0]LogPakFile: PakFile FullDirectoryIndexSize=148
[2021.09.24-15.08.40:607][  0]LogShaderLibrary: Display: ShaderCodeLibraryPakFileMountedCallback: PakFile 'd:/Program Files/Epic Games/UE_4.27/FeaturePacks/FP_FirstPerson.upack' (chunk index -1, root 'root:/') mounted
[2021.09.24-15.08.40:607][  0]LogShaderLibrary: Display: ShaderCodeLibraryPakFileMountedCallback: pending pak file info (ChunkID:-1 Root:root:/ File:d:/Program Files/Epic Games/UE_4.27/FeaturePacks/FP_FirstPerson.upack)
[2021.09.24-15.08.40:607][  0]LogPakFile: OnPakFileMounted2Time == 0.000279
[2021.09.24-15.08.40:611][  0]LogPakFile: PakFile PrimaryIndexSize=189
[2021.09.24-15.08.40:611][  0]LogPakFile: PakFile PathHashIndexSize=101
[2021.09.24-15.08.40:611][  0]LogPakFile: PakFile FullDirectoryIndexSize=152
[2021.09.24-15.08.40:611][  0]LogShaderLibrary: Display: ShaderCodeLibraryPakFileMountedCallback: PakFile 'd:/Program Files/Epic Games/UE_4.27/FeaturePacks/FP_FirstPersonBP.upack' (chunk index -1, root 'root:/') mounted
[2021.09.24-15.08.40:611][  0]LogShaderLibrary: Display: ShaderCodeLibraryPakFileMountedCallback: pending pak file info (ChunkID:-1 Root:root:/ File:d:/Program Files/Epic Games/UE_4.27/FeaturePacks/FP_FirstPersonBP.upack)
[2021.09.24-15.08.40:611][  0]LogPakFile: OnPakFileMounted2Time == 0.000044
[2021.09.24-15.08.40:613][  0]LogPakFile: PakFile PrimaryIndexSize=191
[2021.09.24-15.08.40:613][  0]LogPakFile: PakFile PathHashIndexSize=101
[2021.09.24-15.08.40:613][  0]LogPakFile: PakFile FullDirectoryIndexSize=160
[2021.09.24-15.08.40:613][  0]LogShaderLibrary: Display: ShaderCodeLibraryPakFileMountedCallback: PakFile 'd:/Program Files/Epic Games/UE_4.27/FeaturePacks/MobileStarterContent.upack' (chunk index -1, root 'root:/') mounted
[2021.09.24-15.08.40:613][  0]LogShaderLibrary: Display: ShaderCodeLibraryPakFileMountedCallback: pending pak file info (ChunkID:-1 Root:root:/ File:d:/Program Files/Epic Games/UE_4.27/FeaturePacks/MobileStarterContent.upack)
[2021.09.24-15.08.40:613][  0]LogPakFile: OnPakFileMounted2Time == 0.000034
[2021.09.24-15.08.40:614][  0]LogPakFile: PakFile PrimaryIndexSize=185
[2021.09.24-15.08.40:614][  0]LogPakFile: PakFile PathHashIndexSize=101
[2021.09.24-15.08.40:614][  0]LogPakFile: PakFile FullDirectoryIndexSize=148
[2021.09.24-15.08.40:614][  0]LogShaderLibrary: Display: ShaderCodeLibraryPakFileMountedCallback: PakFile 'd:/Program Files/Epic Games/UE_4.27/FeaturePacks/StarterContent.upack' (chunk index -1, root 'root:/') mounted
[2021.09.24-15.08.40:614][  0]LogShaderLibrary: Display: ShaderCodeLibraryPakFileMountedCallback: pending pak file info (ChunkID:-1 Root:root:/ File:d:/Program Files/Epic Games/UE_4.27/FeaturePacks/StarterContent.upack)
[2021.09.24-15.08.40:614][  0]LogPakFile: OnPakFileMounted2Time == 0.000035
[2021.09.24-15.08.40:616][  0]LogPakFile: PakFile PrimaryIndexSize=190
[2021.09.24-15.08.40:616][  0]LogPakFile: PakFile PathHashIndexSize=101
[2021.09.24-15.08.40:616][  0]LogPakFile: PakFile FullDirectoryIndexSize=154
[2021.09.24-15.08.40:616][  0]LogShaderLibrary: Display: ShaderCodeLibraryPakFileMountedCallback: PakFile 'd:/Program Files/Epic Games/UE_4.27/FeaturePacks/TP_2DSideScroller.upack' (chunk index -1, root 'root:/') mounted
[2021.09.24-15.08.40:616][  0]LogShaderLibrary: Display: ShaderCodeLibraryPakFileMountedCallback: pending pak file info (ChunkID:-1 Root:root:/ File:d:/Program Files/Epic Games/UE_4.27/FeaturePacks/TP_2DSideScroller.upack)
[2021.09.24-15.08.40:616][  0]LogPakFile: OnPakFileMounted2Time == 0.000035
[2021.09.24-15.08.40:617][  0]LogPakFile: PakFile PrimaryIndexSize=192
[2021.09.24-15.08.40:617][  0]LogPakFile: PakFile PathHashIndexSize=101
[2021.09.24-15.08.40:617][  0]LogPakFile: PakFile FullDirectoryIndexSize=158
[2021.09.24-15.08.40:617][  0]LogShaderLibrary: Display: ShaderCodeLibraryPakFileMountedCallback: PakFile 'd:/Program Files/Epic Games/UE_4.27/FeaturePacks/TP_2DSideScrollerBP.upack' (chunk index -1, root 'root:/') mounted
[2021.09.24-15.08.40:617][  0]LogShaderLibrary: Display: ShaderCodeLibraryPakFileMountedCallback: pending pak file info (ChunkID:-1 Root:root:/ File:d:/Program Files/Epic Games/UE_4.27/FeaturePacks/TP_2DSideScrollerBP.upack)
[2021.09.24-15.08.40:617][  0]LogPakFile: OnPakFileMounted2Time == 0.000035
[2021.09.24-15.08.40:618][  0]LogPakFile: PakFile PrimaryIndexSize=182
[2021.09.24-15.08.40:618][  0]LogPakFile: PakFile PathHashIndexSize=101
[2021.09.24-15.08.40:618][  0]LogPakFile: PakFile FullDirectoryIndexSize=138
[2021.09.24-15.08.40:618][  0]LogShaderLibrary: Display: ShaderCodeLibraryPakFileMountedCallback: PakFile 'd:/Program Files/Epic Games/UE_4.27/FeaturePacks/TP_Flying.upack' (chunk index -1, root 'root:/') mounted
[2021.09.24-15.08.40:618][  0]LogShaderLibrary: Display: ShaderCodeLibraryPakFileMountedCallback: pending pak file info (ChunkID:-1 Root:root:/ File:d:/Program Files/Epic Games/UE_4.27/FeaturePacks/TP_Flying.upack)
[2021.09.24-15.08.40:618][  0]LogPakFile: OnPakFileMounted2Time == 0.000034
[2021.09.24-15.08.40:620][  0]LogPakFile: PakFile PrimaryIndexSize=184
[2021.09.24-15.08.40:620][  0]LogPakFile: PakFile PathHashIndexSize=101
[2021.09.24-15.08.40:620][  0]LogPakFile: PakFile FullDirectoryIndexSize=142
[2021.09.24-15.08.40:620][  0]LogShaderLibrary: Display: ShaderCodeLibraryPakFileMountedCallback: PakFile 'd:/Program Files/Epic Games/UE_4.27/FeaturePacks/TP_FlyingBP.upack' (chunk index -1, root 'root:/') mounted
[2021.09.24-15.08.40:620][  0]LogShaderLibrary: Display: ShaderCodeLibraryPakFileMountedCallback: pending pak file info (ChunkID:-1 Root:root:/ File:d:/Program Files/Epic Games/UE_4.27/FeaturePacks/TP_FlyingBP.upack)
[2021.09.24-15.08.40:620][  0]LogPakFile: OnPakFileMounted2Time == 0.000031
[2021.09.24-15.08.40:621][  0]LogPakFile: PakFile PrimaryIndexSize=188
[2021.09.24-15.08.40:621][  0]LogPakFile: PakFile PathHashIndexSize=101
[2021.09.24-15.08.40:621][  0]LogPakFile: PakFile FullDirectoryIndexSize=150
[2021.09.24-15.08.40:621][  0]LogShaderLibrary: Display: ShaderCodeLibraryPakFileMountedCallback: PakFile 'd:/Program Files/Epic Games/UE_4.27/FeaturePacks/TP_HandheldARBP.upack' (chunk index -1, root 'root:/') mounted
[2021.09.24-15.08.40:622][  0]LogShaderLibrary: Display: ShaderCodeLibraryPakFileMountedCallback: pending pak file info (ChunkID:-1 Root:root:/ File:d:/Program Files/Epic Games/UE_4.27/FeaturePacks/TP_HandheldARBP.upack)
[2021.09.24-15.08.40:622][  0]LogPakFile: OnPakFileMounted2Time == 0.000038
[2021.09.24-15.08.40:625][  0]LogPakFile: PakFile PrimaryIndexSize=182
[2021.09.24-15.08.40:625][  0]LogPakFile: PakFile PathHashIndexSize=101
[2021.09.24-15.08.40:625][  0]LogPakFile: PakFile FullDirectoryIndexSize=138
[2021.09.24-15.08.40:625][  0]LogShaderLibrary: Display: ShaderCodeLibraryPakFileMountedCallback: PakFile 'd:/Program Files/Epic Games/UE_4.27/FeaturePacks/TP_Puzzle.upack' (chunk index -1, root 'root:/') mounted
[2021.09.24-15.08.40:625][  0]LogShaderLibrary: Display: ShaderCodeLibraryPakFileMountedCallback: pending pak file info (ChunkID:-1 Root:root:/ File:d:/Program Files/Epic Games/UE_4.27/FeaturePacks/TP_Puzzle.upack)
[2021.09.24-15.08.40:625][  0]LogPakFile: OnPakFileMounted2Time == 0.000034
[2021.09.24-15.08.40:626][  0]LogPakFile: PakFile PrimaryIndexSize=184
[2021.09.24-15.08.40:626][  0]LogPakFile: PakFile PathHashIndexSize=101
[2021.09.24-15.08.40:626][  0]LogPakFile: PakFile FullDirectoryIndexSize=142
[2021.09.24-15.08.40:626][  0]LogShaderLibrary: Display: ShaderCodeLibraryPakFileMountedCallback: PakFile 'd:/Program Files/Epic Games/UE_4.27/FeaturePacks/TP_PuzzleBP.upack' (chunk index -1, root 'root:/') mounted
[2021.09.24-15.08.40:626][  0]LogShaderLibrary: Display: ShaderCodeLibraryPakFileMountedCallback: pending pak file info (ChunkID:-1 Root:root:/ File:d:/Program Files/Epic Games/UE_4.27/FeaturePacks/TP_PuzzleBP.upack)
[2021.09.24-15.08.40:626][  0]LogPakFile: OnPakFileMounted2Time == 0.000034
[2021.09.24-15.08.40:627][  0]LogPakFile: PakFile PrimaryIndexSize=183
[2021.09.24-15.08.40:627][  0]LogPakFile: PakFile PathHashIndexSize=101
[2021.09.24-15.08.40:627][  0]LogPakFile: PakFile FullDirectoryIndexSize=140
[2021.09.24-15.08.40:627][  0]LogShaderLibrary: Display: ShaderCodeLibraryPakFileMountedCallback: PakFile 'd:/Program Files/Epic Games/UE_4.27/FeaturePacks/TP_Rolling.upack' (chunk index -1, root 'root:/') mounted
[2021.09.24-15.08.40:628][  0]LogShaderLibrary: Display: ShaderCodeLibraryPakFileMountedCallback: pending pak file info (ChunkID:-1 Root:root:/ File:d:/Program Files/Epic Games/UE_4.27/FeaturePacks/TP_Rolling.upack)
[2021.09.24-15.08.40:628][  0]LogPakFile: OnPakFileMounted2Time == 0.000035
[2021.09.24-15.08.40:629][  0]LogPakFile: PakFile PrimaryIndexSize=185
[2021.09.24-15.08.40:629][  0]LogPakFile: PakFile PathHashIndexSize=101
[2021.09.24-15.08.40:629][  0]LogPakFile: PakFile FullDirectoryIndexSize=144
[2021.09.24-15.08.40:629][  0]LogShaderLibrary: Display: ShaderCodeLibraryPakFileMountedCallback: PakFile 'd:/Program Files/Epic Games/UE_4.27/FeaturePacks/TP_RollingBP.upack' (chunk index -1, root 'root:/') mounted
[2021.09.24-15.08.40:629][  0]LogShaderLibrary: Display: ShaderCodeLibraryPakFileMountedCallback: pending pak file info (ChunkID:-1 Root:root:/ File:d:/Program Files/Epic Games/UE_4.27/FeaturePacks/TP_RollingBP.upack)
[2021.09.24-15.08.40:629][  0]LogPakFile: OnPakFileMounted2Time == 0.000037
[2021.09.24-15.08.40:630][  0]LogPakFile: PakFile PrimaryIndexSize=188
[2021.09.24-15.08.40:630][  0]LogPakFile: PakFile PathHashIndexSize=101
[2021.09.24-15.08.40:631][  0]LogPakFile: PakFile FullDirectoryIndexSize=150
[2021.09.24-15.08.40:631][  0]LogShaderLibrary: Display: ShaderCodeLibraryPakFileMountedCallback: PakFile 'd:/Program Files/Epic Games/UE_4.27/FeaturePacks/TP_SideScroller.upack' (chunk index -1, root 'root:/') mounted
[2021.09.24-15.08.40:631][  0]LogShaderLibrary: Display: ShaderCodeLibraryPakFileMountedCallback: pending pak file info (ChunkID:-1 Root:root:/ File:d:/Program Files/Epic Games/UE_4.27/FeaturePacks/TP_SideScroller.upack)
[2021.09.24-15.08.40:631][  0]LogPakFile: OnPakFileMounted2Time == 0.000032
[2021.09.24-15.08.40:632][  0]LogPakFile: PakFile PrimaryIndexSize=190
[2021.09.24-15.08.40:632][  0]LogPakFile: PakFile PathHashIndexSize=101
[2021.09.24-15.08.40:632][  0]LogPakFile: PakFile FullDirectoryIndexSize=154
[2021.09.24-15.08.40:632][  0]LogShaderLibrary: Display: ShaderCodeLibraryPakFileMountedCallback: PakFile 'd:/Program Files/Epic Games/UE_4.27/FeaturePacks/TP_SideScrollerBP.upack' (chunk index -1, root 'root:/') mounted
[2021.09.24-15.08.40:632][  0]LogShaderLibrary: Display: ShaderCodeLibraryPakFileMountedCallback: pending pak file info (ChunkID:-1 Root:root:/ File:d:/Program Files/Epic Games/UE_4.27/FeaturePacks/TP_SideScrollerBP.upack)
[2021.09.24-15.08.40:632][  0]LogPakFile: OnPakFileMounted2Time == 0.000034
[2021.09.24-15.08.40:633][  0]LogPakFile: PakFile PrimaryIndexSize=187
[2021.09.24-15.08.40:633][  0]LogPakFile: PakFile PathHashIndexSize=101
[2021.09.24-15.08.40:633][  0]LogPakFile: PakFile FullDirectoryIndexSize=148
[2021.09.24-15.08.40:633][  0]LogShaderLibrary: Display: ShaderCodeLibraryPakFileMountedCallback: PakFile 'd:/Program Files/Epic Games/UE_4.27/FeaturePacks/TP_ThirdPerson.upack' (chunk index -1, root 'root:/') mounted
[2021.09.24-15.08.40:633][  0]LogShaderLibrary: Display: ShaderCodeLibraryPakFileMountedCallback: pending pak file info (ChunkID:-1 Root:root:/ File:d:/Program Files/Epic Games/UE_4.27/FeaturePacks/TP_ThirdPerson.upack)
[2021.09.24-15.08.40:633][  0]LogPakFile: OnPakFileMounted2Time == 0.000034
[2021.09.24-15.08.40:634][  0]LogPakFile: PakFile PrimaryIndexSize=189
[2021.09.24-15.08.40:634][  0]LogPakFile: PakFile PathHashIndexSize=101
[2021.09.24-15.08.40:634][  0]LogPakFile: PakFile FullDirectoryIndexSize=152
[2021.09.24-15.08.40:634][  0]LogShaderLibrary: Display: ShaderCodeLibraryPakFileMountedCallback: PakFile 'd:/Program Files/Epic Games/UE_4.27/FeaturePacks/TP_ThirdPersonBP.upack' (chunk index -1, root 'root:/') mounted
[2021.09.24-15.08.40:634][  0]LogShaderLibrary: Display: ShaderCodeLibraryPakFileMountedCallback: pending pak file info (ChunkID:-1 Root:root:/ File:d:/Program Files/Epic Games/UE_4.27/FeaturePacks/TP_ThirdPersonBP.upack)
[2021.09.24-15.08.40:634][  0]LogPakFile: OnPakFileMounted2Time == 0.000036
[2021.09.24-15.08.40:636][  0]LogPakFile: PakFile PrimaryIndexSize=183
[2021.09.24-15.08.40:636][  0]LogPakFile: PakFile PathHashIndexSize=101
[2021.09.24-15.08.40:636][  0]LogPakFile: PakFile FullDirectoryIndexSize=140
[2021.09.24-15.08.40:636][  0]LogShaderLibrary: Display: ShaderCodeLibraryPakFileMountedCallback: PakFile 'd:/Program Files/Epic Games/UE_4.27/FeaturePacks/TP_TopDown.upack' (chunk index -1, root 'root:/') mounted
[2021.09.24-15.08.40:636][  0]LogShaderLibrary: Display: ShaderCodeLibraryPakFileMountedCallback: pending pak file info (ChunkID:-1 Root:root:/ File:d:/Program Files/Epic Games/UE_4.27/FeaturePacks/TP_TopDown.upack)
[2021.09.24-15.08.40:636][  0]LogPakFile: OnPakFileMounted2Time == 0.000042
[2021.09.24-15.08.40:637][  0]LogPakFile: PakFile PrimaryIndexSize=185
[2021.09.24-15.08.40:637][  0]LogPakFile: PakFile PathHashIndexSize=101
[2021.09.24-15.08.40:637][  0]LogPakFile: PakFile FullDirectoryIndexSize=144
[2021.09.24-15.08.40:637][  0]LogShaderLibrary: Display: ShaderCodeLibraryPakFileMountedCallback: PakFile 'd:/Program Files/Epic Games/UE_4.27/FeaturePacks/TP_TopDownBP.upack' (chunk index -1, root 'root:/') mounted
[2021.09.24-15.08.40:637][  0]LogShaderLibrary: Display: ShaderCodeLibraryPakFileMountedCallback: pending pak file info (ChunkID:-1 Root:root:/ File:d:/Program Files/Epic Games/UE_4.27/FeaturePacks/TP_TopDownBP.upack)
[2021.09.24-15.08.40:637][  0]LogPakFile: OnPakFileMounted2Time == 0.000035
[2021.09.24-15.08.40:638][  0]LogPakFile: PakFile PrimaryIndexSize=185
[2021.09.24-15.08.40:638][  0]LogPakFile: PakFile PathHashIndexSize=101
[2021.09.24-15.08.40:638][  0]LogPakFile: PakFile FullDirectoryIndexSize=144
[2021.09.24-15.08.40:638][  0]LogShaderLibrary: Display: ShaderCodeLibraryPakFileMountedCallback: PakFile 'd:/Program Files/Epic Games/UE_4.27/FeaturePacks/TP_TwinStick.upack' (chunk index -1, root 'root:/') mounted
[2021.09.24-15.08.40:638][  0]LogShaderLibrary: Display: ShaderCodeLibraryPakFileMountedCallback: pending pak file info (ChunkID:-1 Root:root:/ File:d:/Program Files/Epic Games/UE_4.27/FeaturePacks/TP_TwinStick.upack)
[2021.09.24-15.08.40:638][  0]LogPakFile: OnPakFileMounted2Time == 0.000036
[2021.09.24-15.08.40:639][  0]LogPakFile: PakFile PrimaryIndexSize=187
[2021.09.24-15.08.40:639][  0]LogPakFile: PakFile PathHashIndexSize=101
[2021.09.24-15.08.40:639][  0]LogPakFile: PakFile FullDirectoryIndexSize=148
[2021.09.24-15.08.40:639][  0]LogShaderLibrary: Display: ShaderCodeLibraryPakFileMountedCallback: PakFile 'd:/Program Files/Epic Games/UE_4.27/FeaturePacks/TP_TwinStickBP.upack' (chunk index -1, root 'root:/') mounted
[2021.09.24-15.08.40:639][  0]LogShaderLibrary: Display: ShaderCodeLibraryPakFileMountedCallback: pending pak file info (ChunkID:-1 Root:root:/ File:d:/Program Files/Epic Games/UE_4.27/FeaturePacks/TP_TwinStickBP.upack)
[2021.09.24-15.08.40:639][  0]LogPakFile: OnPakFileMounted2Time == 0.000034
[2021.09.24-15.08.40:640][  0]LogPakFile: PakFile PrimaryIndexSize=183
[2021.09.24-15.08.40:640][  0]LogPakFile: PakFile PathHashIndexSize=101
[2021.09.24-15.08.40:640][  0]LogPakFile: PakFile FullDirectoryIndexSize=140
[2021.09.24-15.08.40:640][  0]LogShaderLibrary: Display: ShaderCodeLibraryPakFileMountedCallback: PakFile 'd:/Program Files/Epic Games/UE_4.27/FeaturePacks/TP_Vehicle.upack' (chunk index -1, root 'root:/') mounted
[2021.09.24-15.08.40:640][  0]LogShaderLibrary: Display: ShaderCodeLibraryPakFileMountedCallback: pending pak file info (ChunkID:-1 Root:root:/ File:d:/Program Files/Epic Games/UE_4.27/FeaturePacks/TP_Vehicle.upack)
[2021.09.24-15.08.40:640][  0]LogPakFile: OnPakFileMounted2Time == 0.000037
[2021.09.24-15.08.40:642][  0]LogPakFile: PakFile PrimaryIndexSize=186
[2021.09.24-15.08.40:642][  0]LogPakFile: PakFile PathHashIndexSize=101
[2021.09.24-15.08.40:642][  0]LogPakFile: PakFile FullDirectoryIndexSize=146
[2021.09.24-15.08.40:642][  0]LogShaderLibrary: Display: ShaderCodeLibraryPakFileMountedCallback: PakFile 'd:/Program Files/Epic Games/UE_4.27/FeaturePacks/TP_VehicleAdv.upack' (chunk index -1, root 'root:/') mounted
[2021.09.24-15.08.40:642][  0]LogShaderLibrary: Display: ShaderCodeLibraryPakFileMountedCallback: pending pak file info (ChunkID:-1 Root:root:/ File:d:/Program Files/Epic Games/UE_4.27/FeaturePacks/TP_VehicleAdv.upack)
[2021.09.24-15.08.40:642][  0]LogPakFile: OnPakFileMounted2Time == 0.000034
[2021.09.24-15.08.40:643][  0]LogPakFile: PakFile PrimaryIndexSize=188
[2021.09.24-15.08.40:643][  0]LogPakFile: PakFile PathHashIndexSize=101
[2021.09.24-15.08.40:643][  0]LogPakFile: PakFile FullDirectoryIndexSize=150
[2021.09.24-15.08.40:643][  0]LogShaderLibrary: Display: ShaderCodeLibraryPakFileMountedCallback: PakFile 'd:/Program Files/Epic Games/UE_4.27/FeaturePacks/TP_VehicleAdvBP.upack' (chunk index -1, root 'root:/') mounted
[2021.09.24-15.08.40:644][  0]LogShaderLibrary: Display: ShaderCodeLibraryPakFileMountedCallback: pending pak file info (ChunkID:-1 Root:root:/ File:d:/Program Files/Epic Games/UE_4.27/FeaturePacks/TP_VehicleAdvBP.upack)
[2021.09.24-15.08.40:644][  0]LogPakFile: OnPakFileMounted2Time == 0.000041
[2021.09.24-15.08.40:645][  0]LogPakFile: PakFile PrimaryIndexSize=185
[2021.09.24-15.08.40:645][  0]LogPakFile: PakFile PathHashIndexSize=101
[2021.09.24-15.08.40:645][  0]LogPakFile: PakFile FullDirectoryIndexSize=144
[2021.09.24-15.08.40:645][  0]LogShaderLibrary: Display: ShaderCodeLibraryPakFileMountedCallback: PakFile 'd:/Program Files/Epic Games/UE_4.27/FeaturePacks/TP_VehicleBP.upack' (chunk index -1, root 'root:/') mounted
[2021.09.24-15.08.40:645][  0]LogShaderLibrary: Display: ShaderCodeLibraryPakFileMountedCallback: pending pak file info (ChunkID:-1 Root:root:/ File:d:/Program Files/Epic Games/UE_4.27/FeaturePacks/TP_VehicleBP.upack)
[2021.09.24-15.08.40:645][  0]LogPakFile: OnPakFileMounted2Time == 0.000035
[2021.09.24-15.08.40:647][  0]LogPakFile: PakFile PrimaryIndexSize=192
[2021.09.24-15.08.40:647][  0]LogPakFile: PakFile PathHashIndexSize=101
[2021.09.24-15.08.40:647][  0]LogPakFile: PakFile FullDirectoryIndexSize=158
[2021.09.24-15.08.40:647][  0]LogShaderLibrary: Display: ShaderCodeLibraryPakFileMountedCallback: PakFile 'd:/Program Files/Epic Games/UE_4.27/FeaturePacks/TP_VirtualRealityBP.upack' (chunk index -1, root 'root:/') mounted
[2021.09.24-15.08.40:647][  0]LogShaderLibrary: Display: ShaderCodeLibraryPakFileMountedCallback: pending pak file info (ChunkID:-1 Root:root:/ File:d:/Program Files/Epic Games/UE_4.27/FeaturePacks/TP_VirtualRealityBP.upack)
[2021.09.24-15.08.40:647][  0]LogPakFile: OnPakFileMounted2Time == 0.000039
[2021.09.24-15.08.40:709][  0]LogNativeClassHierarchy: Verbose: Native class hierarchy updated for 'AddContentDialog' in 0.0002 seconds. Added 0 classes and 0 folders.
[2021.09.24-15.08.40:715][  0]LogNativeClassHierarchy: Verbose: Native class hierarchy updated for 'SceneOutliner' in 0.0002 seconds. Added 2 classes and 0 folders.
[2021.09.24-15.08.40:810][  0]LogSlate: Took 0.001042 seconds to synchronously load lazily loaded font '../../../Engine/Content/Slate/Fonts/Roboto-Regular.ttf' (155K)
[2021.09.24-15.08.40:813][  0]LogSlate: Took 0.000898 seconds to synchronously load lazily loaded font '../../../Engine/Content/Editor/Slate/Fonts/FontAwesome.ttf' (139K)
[2021.09.24-15.08.40:815][  0]LogSlate: Took 0.001176 seconds to synchronously load lazily loaded font '../../../Engine/Content/Slate/Fonts/Roboto-Bold.ttf' (160K)
[2021.09.24-15.08.40:957][  0]LogRenderer: Reallocating scene render targets to support 1208x572 Format 10 NumSamples 1 (Frame:1).
[2021.09.24-15.08.41:025][  0]LogSlate: Took 0.001146 seconds to synchronously load lazily loaded font '../../../Engine/Content/Slate/Fonts/Roboto-Light.ttf' (167K)
[2021.09.24-15.08.41:466][  0]LogNativeClassHierarchy: Verbose: Native class hierarchy updated for 'HierarchicalLODOutliner' in 0.0002 seconds. Added 0 classes and 0 folders.
[2021.09.24-15.08.41:466][  0]LogLoad: (Engine Initialization) Total time: 69.12 seconds
[2021.09.24-15.08.41:466][  0]LogLoad: (Engine Initialization) Total Blueprint compile time: 0.00 seconds
[2021.09.24-15.08.41:510][  0]LogAssetRegistry: Asset discovery search completed in 8.6111 seconds
[2021.09.24-15.08.41:515][  0]LogCollectionManager: Fixed up redirectors for 0 collections in 0.000005 seconds (updated 0 objects)
[2021.09.24-15.08.41:521][  0]LogContentStreaming: Texture pool size now 1000 MB
